<?xml version="1.0" encoding="UTF-8"?>
<testsuite xmlns:xsi="http://www.w3.org/2001/XMLSchema-instance" xsi:schemaLocation="https://maven.apache.org/surefire/maven-surefire-plugin/xsd/surefire-test-report.xsd" name="TestSuite" time="116.167" tests="98" errors="0" skipped="3" failures="8">
  <properties>
    <property name="java.runtime.name" value="Java(TM) SE Runtime Environment"/>
    <property name="xmlFileName" value="testNG.xml"/>
    <property name="java.vm.version" value="12.0.1+12"/>
    <property name="sun.boot.library.path" value="C:\Program Files\Java\jdk-12.0.1\bin"/>
    <property name="maven.multiModuleProjectDirectory" value="E:\lbsApi\api-automated-test"/>
    <property name="java.vm.vendor" value="Oracle Corporation"/>
    <property name="java.vendor.url" value="https://java.oracle.com/"/>
    <property name="guice.disable.misplaced.annotation.check" value="true"/>
    <property name="path.separator" value=";"/>
    <property name="java.vm.name" value="Java HotSpot(TM) 64-Bit Server VM"/>
    <property name="sun.os.patch.level" value=""/>
    <property name="user.script" value=""/>
    <property name="user.country" value="CN"/>
    <property name="sun.java.launcher" value="SUN_STANDARD"/>
    <property name="java.vm.specification.name" value="Java Virtual Machine Specification"/>
    <property name="user.dir" value="E:\lbsApi\api-automated-test"/>
    <property name="java.vm.compressedOopsMode" value="32-bit"/>
    <property name="java.runtime.version" value="12.0.1+12"/>
    <property name="java.awt.graphicsenv" value="sun.awt.Win32GraphicsEnvironment"/>
    <property name="os.arch" value="amd64"/>
    <property name="java.io.tmpdir" value="C:\Users\张西玲\AppData\Local\Temp\"/>
    <property name="line.separator" value="&#10;"/>
    <property name="java.vm.specification.vendor" value="Oracle Corporation"/>
    <property name="user.variant" value=""/>
    <property name="os.name" value="Windows 10"/>
    <property name="classworlds.conf" value="E:\tools\apache-maven-3.6.1\bin\..\bin\m2.conf"/>
    <property name="sun.jnu.encoding" value="GBK"/>
    <property name="java.library.path" value="C:\Program Files\Java\jdk-12.0.1\bin;C:\WINDOWS\Sun\Java\bin;C:\WINDOWS\system32;C:\WINDOWS;C:\Program Files\Java\jdk-12.0.1\\bin;C:\Program Files\Java\jdk-12.0.1\\jre\bin;C:\Windows\system32;C:\Windows;C:\Windows\System32\Wbem;C:\Windows\System32\WindowsPowerShell\v1.0\;C:\Program Files (x86)\NVIDIA Corporation\PhysX\Common;D:\SVN\bin;C:\WINDOWS\system32;C:\WINDOWS;C:\WINDOWS\System32\Wbem;C:\WINDOWS\System32\WindowsPowerShell\v1.0\;C:\WINDOWS\System32\OpenSSH\;C:\Program Files\Git\cmd;C:\Program Files\nodejs\;E:\tools\apache-maven-3.6.1\bin;C:\Users\张西玲\AppData\Local\Microsoft\WindowsApps;C:\Users\张西玲\AppData\Local\Programs\Microsoft VS Code\bin;C:\Users\张西玲\AppData\Local\GitHubDesktop\bin;C:\Users\张西玲\AppData\Roaming\npm;C:\Program Files\JetBrains\IntelliJ IDEA 2019.1.3\bin;;."/>
    <property name="maven.conf" value="E:\tools\apache-maven-3.6.1\bin\../conf"/>
    <property name="jdk.debug" value="release"/>
    <property name="java.class.version" value="56.0"/>
    <property name="java.specification.name" value="Java Platform API Specification"/>
    <property name="sun.management.compiler" value="HotSpot 64-Bit Tiered Compilers"/>
    <property name="os.version" value="10.0"/>
    <property name="library.jansi.path" value="E:\tools\apache-maven-3.6.1\bin\..\lib\jansi-native"/>
    <property name="user.home" value="C:\Users\张西玲"/>
    <property name="user.timezone" value="Asia/Shanghai"/>
    <property name="file.encoding" value="GBK"/>
    <property name="java.specification.version" value="12"/>
    <property name="user.name" value="张西玲"/>
    <property name="java.class.path" value="E:\tools\apache-maven-3.6.1\bin\..\boot\plexus-classworlds-2.6.0.jar"/>
    <property name="java.vm.specification.version" value="12"/>
    <property name="sun.arch.data.model" value="64"/>
    <property name="sun.java.command" value="org.codehaus.plexus.classworlds.launcher.Launcher clean test -DxmlFileName=testNG.xml"/>
    <property name="java.home" value="C:\Program Files\Java\jdk-12.0.1"/>
    <property name="user.language" value="zh"/>
    <property name="java.specification.vendor" value="Oracle Corporation"/>
    <property name="awt.toolkit" value="sun.awt.windows.WToolkit"/>
    <property name="java.vm.info" value="mixed mode, sharing"/>
    <property name="java.version" value="12.0.1"/>
    <property name="java.vendor" value="Oracle Corporation"/>
    <property name="sun.stderr.encoding" value="ms936"/>
    <property name="maven.home" value="E:\tools\apache-maven-3.6.1\bin\.."/>
    <property name="file.separator" value="\"/>
    <property name="java.version.date" value="2019-04-16"/>
    <property name="java.vendor.url.bug" value="https://bugreport.java.com/bugreport/"/>
    <property name="sun.io.unicode.encoding" value="UnicodeLittle"/>
    <property name="sun.cpu.endian" value="little"/>
    <property name="sun.stdout.encoding" value="ms936"/>
    <property name="sun.desktop" value="windows"/>
    <property name="sun.cpu.isalist" value="amd64"/>
  </properties>
  <testcase name="creditCardAccountOpeningPost" classname="api.CreditCardApiTest" time="4.542"/>
  <testcase name="creditCardCanCellationPost" classname="api.CreditCardApiTest" time="1.982"/>
  <testcase name="creditCardCreditLimitDetailsPost" classname="api.CreditCardApiTest" time="2.704"/>
  <testcase name="creditCardLimitDecreasePost" classname="api.CreditCardApiTest" time="1.045"/>
  <testcase name="creditCardLimitIncreasePost" classname="api.CreditCardApiTest" time="0.89"/>
  <testcase name="creditCardLossReportingPost" classname="api.CreditCardApiTest" time="1.956"/>
  <testcase name="creditCardNumberValidationPost" classname="api.CreditCardApiTest" time="0.769"/>
  <testcase name="creditCardPaymentCreditCardRepeymentPost" classname="api.CreditCardApiTest" time="1.282"/>
  <testcase name="creditCardPaymentOutstandingPaymentPost" classname="api.CreditCardApiTest" time="1.613"/>
  <testcase name="creditCardPaymentProductEnquiryPost" classname="api.CreditCardApiTest" time="1.869"/>
  <testcase name="creditCardPaymentRedemptionHistoryPost" classname="api.CreditCardApiTest" time="1.137"/>
  <testcase name="creditCardPaymentRedemptionPost" classname="api.CreditCardApiTest" time="0.831">
    <failure message="1 expectation failed.&#10;Expected status code &lt;200&gt; but was &lt;500&gt;.&#10;" type="java.lang.AssertionError"><![CDATA[java.lang.AssertionError: 
1 expectation failed.
Expected status code <200> but was <500>.

	at api.CreditCardApiTest.creditCardPaymentRedemptionPost(CreditCardApiTest.java:194)
]]></failure>
  </testcase>
  <testcase name="creditCardPaymentTotalPointPost" classname="api.CreditCardApiTest" time="0.732"/>
  <testcase name="creditCardTransactiontRansactionDetailsPost" classname="api.CreditCardApiTest" time="0.816"/>
  <testcase name="creditCardTransactiontTransactionPostingPost" classname="api.CreditCardApiTest" time="0.864"/>
  <testcase name="merchantMerchantEnquiryGet" classname="api.CreditCardApiTest" time="0.834"/>
  <testcase name="merchantTransactionsPost" classname="api.CreditCardApiTest" time="1.563"/>
  <testcase name="vpointMerchantCategoryPost" classname="api.CreditCardApiTest" time="0.703"/>
  <testcase name="vpointNumberPost" classname="api.CreditCardApiTest" time="0.68"/>
  <testcase name="depositAccountEnquiryAccountDetailsGet" classname="api.DepositApiTest" time="1.022"/>
  <testcase name="depositAccountEnquiryAllAccountGet" classname="api.DepositApiTest" time="4.124"/>
  <testcase name="depositAccountEnquiryPost" classname="api.DepositApiTest" time="1"/>
  <testcase name="depositAccountMaintenanceAccountClosureGet" classname="api.DepositApiTest" time="0.836"/>
  <testcase name="depositAccountOpeningAccountCreationPost" classname="api.DepositApiTest" time="0.992"/>
  <testcase name="depositCurrentAccountOpeningPost" classname="api.DepositApiTest" time="0.797"/>
  <testcase name="depositCusMainCustContactInfoUpdatePost" classname="api.DepositApiTest" time="0.752"/>
  <testcase name="depositCusMainCustomerCreationPost" classname="api.DepositApiTest" time="0.838"/>
  <testcase name="depositFeAccountOpeningPost" classname="api.DepositApiTest" time="1.169"/>
  <testcase name="depositMetAccountOpeningPost" classname="api.DepositApiTest" time="0.822"/>
  <testcase name="depositSavingAccountOpeningPost" classname="api.DepositApiTest" time="2.16"/>
  <testcase name="depositTdAccountOpeningPost" classname="api.DepositApiTest" time="0.854"/>
  <testcase name="depositTermDepositAllEnquiryCustomerNumberGet" classname="api.DepositApiTest" time="0.762"/>
  <testcase name="depositTermDepositAllTermDepositGet" classname="api.DepositApiTest" time="1.049"/>
  <testcase name="depositTermDepositTermDepositApplicationPost" classname="api.DepositApiTest" time="1.025"/>
  <testcase name="depositTermDepositTermDepositDrawDownPost" classname="api.DepositApiTest" time="0.791">
    <failure message="1 expectation failed.&#10;Expected status code &lt;200&gt; but was &lt;404&gt;.&#10;" type="java.lang.AssertionError"><![CDATA[java.lang.AssertionError: 
1 expectation failed.
Expected status code <200> but was <404>.

	at api.DepositApiTest.depositTermDepositTermDepositDrawDownPost(DepositApiTest.java:226)
]]></failure>
  </testcase>
  <testcase name="depositTermDepositTermDepositEnquiryPost" classname="api.DepositApiTest" time="0.751"/>
  <testcase name="depositTermDepositTermDepositRenewalPost" classname="api.DepositApiTest" time="0.821">
    <failure message="1 expectation failed.&#10;Expected status code &lt;200&gt; but was &lt;404&gt;.&#10;" type="java.lang.AssertionError"><![CDATA[java.lang.AssertionError: 
1 expectation failed.
Expected status code <200> but was <404>.

	at api.DepositApiTest.depositTermDepositTermDepositRenewalPost(DepositApiTest.java:248)
]]></failure>
  </testcase>
  <testcase name="depositTransactionChequeBookCreationPost" classname="api.DepositApiTest" time="0.705"/>
  <testcase name="depositTransactionDepositPost" classname="api.DepositApiTest" time="0.875"/>
  <testcase name="depositTransactionLogEnquiryPost" classname="api.DepositApiTest" time="0.974">
    <failure message="1 expectation failed.&#10;Expected status code &lt;200&gt; but was &lt;404&gt;.&#10;" type="java.lang.AssertionError"><![CDATA[java.lang.AssertionError: 
1 expectation failed.
Expected status code <200> but was <404>.

	at api.DepositApiTest.depositTransactionLogEnquiryPost(DepositApiTest.java:310)
]]></failure>
  </testcase>
  <testcase name="depositTransactionTransferPost" classname="api.DepositApiTest" time="1.102"/>
  <testcase name="depositTransactionWithdrawalPost" classname="api.DepositApiTest" time="1.799">
    <failure message="1 expectation failed.&#10;Expected status code &lt;200&gt; but was &lt;202&gt;.&#10;" type="java.lang.AssertionError"><![CDATA[java.lang.AssertionError: 
1 expectation failed.
Expected status code <200> but was <202>.

	at api.DepositApiTest.depositTransactionWithdrawalPost(DepositApiTest.java:295)
]]></failure>
  </testcase>
  <testcase name="depositVaccountAccountBalancePost" classname="api.DepositApiTest" time="0.744"/>
  <testcase name="depositVaccountAccountNumberExistsPost" classname="api.DepositApiTest" time="1.935"/>
  <testcase name="depositVaccountAmountFormatPost" classname="api.DepositApiTest" time="6.189"/>
  <testcase name="depositVaccountAssociatedAccountsPost" classname="api.DepositApiTest" time="0.735"/>
  <testcase name="depositVaccountCurAccountTypePost" classname="api.DepositApiTest" time="0.968"/>
  <testcase name="depositVaccountCurrencyGet" classname="api.DepositApiTest" time="0.864"/>
  <testcase name="depositVaccountFexAccountTypePost" classname="api.DepositApiTest" time="0.805"/>
  <testcase name="depositVaccountFundAccountTypePost" classname="api.DepositApiTest" time="0.763"/>
  <testcase name="depositVaccountMetAccountTypePost" classname="api.DepositApiTest" time="0.729"/>
  <testcase name="depositVaccountSavOrCurTypePost" classname="api.DepositApiTest" time="0.776"/>
  <testcase name="depositVaccountStockAccountTypePost" classname="api.DepositApiTest" time="0.699"/>
  <testcase name="depositVaccountTdAccountTypePost" classname="api.DepositApiTest" time="0.682"/>
  <testcase name="depositVcustomerEmailFormatPost" classname="api.DepositApiTest" time="0.824"/>
  <testcase name="depositVcustomerExistingCustomerGet" classname="api.DepositApiTest" time="0.925"/>
  <testcase name="depositVcustomerIdFormatGet" classname="api.DepositApiTest" time="1.858"/>
  <testcase name="depositVcustomerPhoneNumberFormatGet" classname="api.DepositApiTest" time="1.777"/>
  <testcase name="depositVtermDepositContractPeriodGet" classname="api.DepositApiTest" time="0.836"/>
  <testcase name="depositVtermDepositTdNumberExistsGet" classname="api.DepositApiTest" time="0.716"/>
  <testcase name="depositVtransactionTransTypeGet" classname="api.DepositApiTest" time="0.861"/>
  <testcase name="depositAccountEnquiryAccountDetailsGet" classname="api.ForeignExchangeApiTest" time="1.337"/>
  <testcase name="investmentFundAccountOpeningPost" classname="api.InvestmentApiTest" time="1.16"/>
  <testcase name="investmentFundQuotationGet" classname="api.InvestmentApiTest" time="0.769"/>
  <testcase name="investmentHoldingEnquiryPost" classname="api.InvestmentApiTest" time="0.867"/>
  <testcase name="investmentOrderDetailRetrievalsByIdPost" classname="api.InvestmentApiTest" time="1.964"/>
  <testcase name="investmentOrderPlacingPost" classname="api.InvestmentApiTest" time="1.103"/>
  <testcase name="investmentSettlementAccountUpdatePost" classname="api.InvestmentApiTest" time="1.043"/>
  <testcase name="investmentStkAccountOpeningPost" classname="api.InvestmentApiTest" time="0.783"/>
  <testcase name="investmentSubscriptionPost" classname="api.InvestmentApiTest" time="1.013"/>
  <testcase name="investmentRedemptionPost" classname="api.InvestmentApiTest" time="1.44"/>
  <testcase name="investmentStockListGet" classname="api.InvestmentApiTest" time="2.935"/>
  <testcase name="investmentStockQuotationPost" classname="api.InvestmentApiTest" time="0.847"/>
  <testcase name="leonMortageAccountDetailEnquiryPost" classname="api.LoanApiTest" time="1.225"/>
  <testcase name="leonMortageLoanCalculaterPost" classname="api.LoanApiTest" time="1.007"/>
  <testcase name="leonMortageMortgageLoanAccountOpeningPost" classname="api.LoanApiTest" time="1.224"/>
  <testcase name="leonMortageMortgageLoanApplicationPost" classname="api.LoanApiTest" time="1.078"/>
  <testcase name="leonMortageNextRepaymentEnquiryPost" classname="api.LoanApiTest" time="0.778"/>
  <testcase name="leonMortageOverDueRepaymentEnquiryPost" classname="api.LoanApiTest" time="0.717">
    <failure message="1 expectation failed.&#10;Expected status code &lt;200&gt; but was &lt;404&gt;.&#10;" type="java.lang.AssertionError"><![CDATA[java.lang.AssertionError: 
1 expectation failed.
Expected status code <200> but was <404>.

	at api.LoanApiTest.leonMortageOverDueRepaymentEnquiryPost(LoanApiTest.java:111)
]]></failure>
  </testcase>
  <testcase name="leonMortageRepaymentPlanPost" classname="api.LoanApiTest" time="1.127"/>
  <testcase name="leonMortageTransactionEnquiryPost" classname="api.LoanApiTest" time="1.055"/>
  <testcase name="sysadminAdminControllerLoginInPost" classname="api.SysadminApiTest" time="0.893"/>
  <testcase name="sysadminAuthorityControllerAppDockerForDeveloperPost" classname="api.SysadminApiTest" time="0.69"/>
  <testcase name="sysadminAuthorityControllerDeveloperAuthorizationPost" classname="api.SysadminApiTest" time="0.919"/>
  <testcase name="sysadminAuthorityControllerGetSandBoxPost" classname="api.SysadminApiTest" time="0.709"/>
  <testcase name="sysadminBranchCodeSearchControllerGetBranchCodeTableGet" classname="api.SysadminApiTest" time="0.738"/>
  <testcase name="sysadminCurrencyControllerCurrencyRetrievalGet" classname="api.SysadminApiTest" time="0.934"/>
  <testcase name="sysadminGenerateAvailableControllerlGetNextAvailableNumberGet" classname="api.SysadminApiTest" time="1.761"/>
  <testcase name="sysadminLoginControllerAuthorizeGet" classname="api.SysadminApiTest" time="0.985"/>
  <testcase name="sysadminLoginControllerLoginInPost" classname="api.SysadminApiTest" time="0.704"/>
  <testcase name="sysadminSandBoxSearchControllerGetSandBoxTableGet" classname="api.SysadminApiTest" time="0.712"/>
  <testcase name="sysadminSandBoxSearchControllerGetSandBoxTableInfoPost" classname="api.SysadminApiTest" time="1.03"/>
  <testcase name="sysadminSysConfigControllerGetSystemParameterPost" classname="api.SysadminApiTest" time="0.68"/>
  <testcase name="investmentOrderRetrievalPost" classname="api.InvestmentApiTest" time="1.272">
    <failure message="1 expectation failed.&#10;Expected status code &lt;200&gt; but was &lt;404&gt;.&#10;" type="java.lang.AssertionError"><![CDATA[java.lang.AssertionError: 
1 expectation failed.
Expected status code <200> but was <404>.

	at api.InvestmentApiTest.investmentOrderRetrievalPost(InvestmentApiTest.java:134)
]]></failure>
  </testcase>
  <testcase name="leonMortageCancellationPost" classname="api.LoanApiTest" time="0.752">
    <failure message="1 expectation failed.&#10;Expected status code &lt;200&gt; but was &lt;404&gt;.&#10;" type="java.lang.AssertionError"><![CDATA[java.lang.AssertionError: 
1 expectation failed.
Expected status code <200> but was <404>.

	at api.LoanApiTest.leonMortageCancellationPost(LoanApiTest.java:55)
]]></failure>
  </testcase>
  <testcase name="leonMortageRepaymentPost" classname="api.LoanApiTest" time="0">
    <skipped message="Method LoanApiTest.leonMortageRepaymentPost()[pri:0, instance:api.LoanApiTest@7fe8ea47] depends on not successfully finished methods"/>
  </testcase>
  <testcase name="investmentOrderInfoUpdatePost" classname="api.InvestmentApiTest" time="0">
    <skipped message="Method InvestmentApiTest.investmentOrderInfoUpdatePost()[pri:0, instance:api.InvestmentApiTest@35fc6dc4] depends on not successfully finished methods"/>
  </testcase>
  <testcase name="investmentCancellationPost" classname="api.InvestmentApiTest" time="0">
    <skipped message="Method InvestmentApiTest.investmentCancellationPost()[pri:0, instance:api.InvestmentApiTest@35fc6dc4] depends on not successfully finished methods"/>
  </testcase>
</testsuite>