<html>
<head>
<title>TestNG:  TestName</title>
<link href="../testng.css" rel="stylesheet" type="text/css" />
<link href="../my-testng.css" rel="stylesheet" type="text/css" />

<style type="text/css">
.log { display: none;} 
.stack-trace { display: none;} 
</style>
<script type="text/javascript">
<!--
function flip(e) {
  current = e.style.display;
  if (current == 'block') {
    e.style.display = 'none';
    return 0;
  }
  else {
    e.style.display = 'block';
    return 1;
  }
}

function toggleBox(szDivId, elem, msg1, msg2)
{
  var res = -1;  if (document.getElementById) {
    res = flip(document.getElementById(szDivId));
  }
  else if (document.all) {
    // this is the way old msie versions work
    res = flip(document.all[szDivId]);
  }
  if(elem) {
    if(res == 0) elem.innerHTML = msg1; else elem.innerHTML = msg2;
  }

}

function toggleAllBoxes() {
  if (document.getElementsByTagName) {
    d = document.getElementsByTagName('div');
    for (i = 0; i < d.length; i++) {
      if (d[i].className == 'log') {
        flip(d[i]);
      }
    }
  }
}

// -->
</script>

</head>
<body>
<h2 align='center'>TestName</h2><table border='1' align="center">
<tr>
<td>Tests passed/Failed/Skipped:</td><td>87/8/3</td>
</tr><tr>
<td>Started on:</td><td>Tue Aug 20 15:13:43 CST 2019</td>
</tr>
<tr><td>Total time:</td><td>114 seconds (114212 ms)</td>
</tr><tr>
<td>Included groups:</td><td>all </td>
</tr><tr>
<td>Excluded groups:</td><td></td>
</tr>
</table><p/>
<small><i>(Hover the method name to see the test class name)</i></small><p/>
<table width='100%' border='1' class='invocation-failed'>
<tr><td colspan='4' align='center'><b>FAILED TESTS</b></td></tr>
<tr><td><b>Test method</b></td>
<td width="30%"><b>Exception</b></td>
<td width="10%"><b>Time (seconds)</b></td>
<td><b>Instance</b></td>
</tr>
<tr>
<td title='api.CreditCardApiTest.creditCardPaymentRedemptionPost()'><b>creditCardPaymentRedemptionPost</b><br>Test class: api.CreditCardApiTest</td>
<td><div><pre>java.lang.AssertionError: 1 expectation failed.
Expected status code &lt;200&gt; but was &lt;500&gt;.

	at org.codehaus.groovy.runtime.callsite.ConstructorSite$ConstructorSiteNoUnwrap.callConstructor(ConstructorSite.java:84)
	at org.codehaus.groovy.runtime.callsite.CallSiteArray.defaultCallConstructor(CallSiteArray.java:59)
	at org.codehaus.groovy.runtime.callsite.AbstractCallSite.callConstructor(AbstractCallSite.java:238)
	at org.codehaus.groovy.runtime.callsite.AbstractCallSite.callConstructor(AbstractCallSite.java:250)
	at io.restassured.internal.ResponseSpecificationImpl$HamcrestAssertionClosure.validate(ResponseSpecificationImpl.groovy:494)
	at io.restassured.internal.ResponseSpecificationImpl$HamcrestAssertionClosure$validate$1.call(Unknown Source)
	at io.restassured.internal.ResponseSpecificationImpl.validateResponseIfRequired(ResponseSpecificationImpl.groovy:656)
	at org.codehaus.groovy.runtime.callsite.PogoMetaMethodSite$PogoCachedMethodSiteNoUnwrapNoCoerce.invoke(PogoMetaMethodSite.java:210)
	at org.codehaus.groovy.runtime.callsite.PogoMetaMethodSite.callCurrent(PogoMetaMethodSite.java:59)
	at org.codehaus.groovy.runtime.callsite.AbstractCallSite.callCurrent(AbstractCallSite.java:169)
	at io.restassured.internal.ResponseSpecificationImpl.statusCode(ResponseSpecificationImpl.groovy:125)
	at io.restassured.specification.ResponseSpecification$statusCode$0.callCurrent(Unknown Source)
	at io.restassured.internal.ResponseSpecificationImpl.statusCode(ResponseSpecificationImpl.groovy:133)
	at io.restassured.internal.ValidatableResponseOptionsImpl.statusCode(ValidatableResponseOptionsImpl.java:119)
	at api.CreditCardApiTest.creditCardPaymentRedemptionPost(CreditCardApiTest.java:194)
	at java.base/java.util.concurrent.FutureTask.run(FutureTask.java:264)
	at java.base/java.util.concurrent.ThreadPoolExecutor.runWorker(ThreadPoolExecutor.java:1128)
	at java.base/java.util.concurrent.ThreadPoolExecutor$Worker.run(ThreadPoolExecutor.java:628)
	at java.base/java.lang.Thread.run(Thread.java:835)
... Removed 26 stack frames</pre></div><a href='#' onClick='toggleBox("stack-trace1039366376", this, "Click to show all stack frames", "Click to hide stack frames")'>Click to show all stack frames</a>
<div class='stack-trace' id='stack-trace1039366376'><pre>java.lang.AssertionError: 1 expectation failed.
Expected status code &lt;200&gt; but was &lt;500&gt;.

	at java.base/jdk.internal.reflect.NativeConstructorAccessorImpl.newInstance0(Native Method)
	at java.base/jdk.internal.reflect.NativeConstructorAccessorImpl.newInstance(NativeConstructorAccessorImpl.java:62)
	at java.base/jdk.internal.reflect.DelegatingConstructorAccessorImpl.newInstance(DelegatingConstructorAccessorImpl.java:45)
	at java.base/java.lang.reflect.Constructor.newInstanceWithCaller(Constructor.java:500)
	at java.base/java.lang.reflect.Constructor.newInstance(Constructor.java:481)
	at org.codehaus.groovy.reflection.CachedConstructor.invoke(CachedConstructor.java:83)
	at org.codehaus.groovy.reflection.CachedConstructor.doConstructorInvoke(CachedConstructor.java:77)
	at org.codehaus.groovy.runtime.callsite.ConstructorSite$ConstructorSiteNoUnwrap.callConstructor(ConstructorSite.java:84)
	at org.codehaus.groovy.runtime.callsite.CallSiteArray.defaultCallConstructor(CallSiteArray.java:59)
	at org.codehaus.groovy.runtime.callsite.AbstractCallSite.callConstructor(AbstractCallSite.java:238)
	at org.codehaus.groovy.runtime.callsite.AbstractCallSite.callConstructor(AbstractCallSite.java:250)
	at io.restassured.internal.ResponseSpecificationImpl$HamcrestAssertionClosure.validate(ResponseSpecificationImpl.groovy:494)
	at io.restassured.internal.ResponseSpecificationImpl$HamcrestAssertionClosure$validate$1.call(Unknown Source)
	at io.restassured.internal.ResponseSpecificationImpl.validateResponseIfRequired(ResponseSpecificationImpl.groovy:656)
	at jdk.internal.reflect.GeneratedMethodAccessor64.invoke(Unknown Source)
	at java.base/jdk.internal.reflect.DelegatingMethodAccessorImpl.invoke(DelegatingMethodAccessorImpl.java:43)
	at java.base/java.lang.reflect.Method.invoke(Method.java:567)
	at org.codehaus.groovy.runtime.callsite.PogoMetaMethodSite$PogoCachedMethodSiteNoUnwrapNoCoerce.invoke(PogoMetaMethodSite.java:210)
	at org.codehaus.groovy.runtime.callsite.PogoMetaMethodSite.callCurrent(PogoMetaMethodSite.java:59)
	at org.codehaus.groovy.runtime.callsite.AbstractCallSite.callCurrent(AbstractCallSite.java:169)
	at io.restassured.internal.ResponseSpecificationImpl.statusCode(ResponseSpecificationImpl.groovy:125)
	at io.restassured.specification.ResponseSpecification$statusCode$0.callCurrent(Unknown Source)
	at io.restassured.internal.ResponseSpecificationImpl.statusCode(ResponseSpecificationImpl.groovy:133)
	at io.restassured.internal.ValidatableResponseOptionsImpl.statusCode(ValidatableResponseOptionsImpl.java:119)
	at api.CreditCardApiTest.creditCardPaymentRedemptionPost(CreditCardApiTest.java:194)
	at java.base/jdk.internal.reflect.NativeMethodAccessorImpl.invoke0(Native Method)
	at java.base/jdk.internal.reflect.NativeMethodAccessorImpl.invoke(NativeMethodAccessorImpl.java:62)
	at java.base/jdk.internal.reflect.DelegatingMethodAccessorImpl.invoke(DelegatingMethodAccessorImpl.java:43)
	at java.base/java.lang.reflect.Method.invoke(Method.java:567)
	at org.testng.internal.MethodInvocationHelper.invokeMethod(MethodInvocationHelper.java:124)
	at org.testng.internal.Invoker.invokeMethod(Invoker.java:583)
	at org.testng.internal.Invoker.invokeTestMethod(Invoker.java:719)
	at org.testng.internal.Invoker.invokeTestMethods(Invoker.java:989)
	at org.testng.internal.TestMethodWorker.invokeTestMethods(TestMethodWorker.java:125)
	at org.testng.internal.TestMethodWorker.run(TestMethodWorker.java:109)
	at org.testng.TestRunner.privateRun(TestRunner.java:648)
	at org.testng.TestRunner.run(TestRunner.java:505)
	at org.testng.SuiteRunner.runTest(SuiteRunner.java:455)
	at org.testng.SuiteRunner.access$000(SuiteRunner.java:40)
	at org.testng.SuiteRunner$SuiteWorker.run(SuiteRunner.java:489)
	at org.testng.internal.thread.ThreadUtil$1.call(ThreadUtil.java:52)
	at java.base/java.util.concurrent.FutureTask.run(FutureTask.java:264)
	at java.base/java.util.concurrent.ThreadPoolExecutor.runWorker(ThreadPoolExecutor.java:1128)
	at java.base/java.util.concurrent.ThreadPoolExecutor$Worker.run(ThreadPoolExecutor.java:628)
	at java.base/java.lang.Thread.run(Thread.java:835)
</pre></div></td>
<td>0</td>
<td>api.CreditCardApiTest@4461c7e3</td></tr>
<tr>
<td title='api.DepositApiTest.depositTermDepositTermDepositDrawDownPost()'><b>depositTermDepositTermDepositDrawDownPost</b><br>Test class: api.DepositApiTest</td>
<td><div><pre>java.lang.AssertionError: 1 expectation failed.
Expected status code &lt;200&gt; but was &lt;404&gt;.

	at org.codehaus.groovy.runtime.callsite.ConstructorSite$ConstructorSiteNoUnwrap.callConstructor(ConstructorSite.java:84)
	at org.codehaus.groovy.runtime.callsite.AbstractCallSite.callConstructor(AbstractCallSite.java:250)
	at io.restassured.internal.ResponseSpecificationImpl$HamcrestAssertionClosure.validate(ResponseSpecificationImpl.groovy:494)
	at io.restassured.internal.ResponseSpecificationImpl$HamcrestAssertionClosure$validate$1.call(Unknown Source)
	at io.restassured.internal.ResponseSpecificationImpl.validateResponseIfRequired(ResponseSpecificationImpl.groovy:656)
	at org.codehaus.groovy.runtime.callsite.PogoMetaMethodSite$PogoCachedMethodSiteNoUnwrapNoCoerce.invoke(PogoMetaMethodSite.java:210)
	at org.codehaus.groovy.runtime.callsite.PogoMetaMethodSite.callCurrent(PogoMetaMethodSite.java:59)
	at org.codehaus.groovy.runtime.callsite.AbstractCallSite.callCurrent(AbstractCallSite.java:169)
	at io.restassured.internal.ResponseSpecificationImpl.statusCode(ResponseSpecificationImpl.groovy:125)
	at io.restassured.specification.ResponseSpecification$statusCode$0.callCurrent(Unknown Source)
	at io.restassured.internal.ResponseSpecificationImpl.statusCode(ResponseSpecificationImpl.groovy:133)
	at io.restassured.internal.ValidatableResponseOptionsImpl.statusCode(ValidatableResponseOptionsImpl.java:119)
	at api.DepositApiTest.depositTermDepositTermDepositDrawDownPost(DepositApiTest.java:226)
	at java.base/java.util.concurrent.FutureTask.run(FutureTask.java:264)
	at java.base/java.util.concurrent.ThreadPoolExecutor.runWorker(ThreadPoolExecutor.java:1128)
	at java.base/java.util.concurrent.ThreadPoolExecutor$Worker.run(ThreadPoolExecutor.java:628)
	at java.base/java.lang.Thread.run(Thread.java:835)
... Removed 26 stack frames</pre></div><a href='#' onClick='toggleBox("stack-trace1033270088", this, "Click to show all stack frames", "Click to hide stack frames")'>Click to show all stack frames</a>
<div class='stack-trace' id='stack-trace1033270088'><pre>java.lang.AssertionError: 1 expectation failed.
Expected status code &lt;200&gt; but was &lt;404&gt;.

	at java.base/jdk.internal.reflect.NativeConstructorAccessorImpl.newInstance0(Native Method)
	at java.base/jdk.internal.reflect.NativeConstructorAccessorImpl.newInstance(NativeConstructorAccessorImpl.java:62)
	at java.base/jdk.internal.reflect.DelegatingConstructorAccessorImpl.newInstance(DelegatingConstructorAccessorImpl.java:45)
	at java.base/java.lang.reflect.Constructor.newInstanceWithCaller(Constructor.java:500)
	at java.base/java.lang.reflect.Constructor.newInstance(Constructor.java:481)
	at org.codehaus.groovy.reflection.CachedConstructor.invoke(CachedConstructor.java:83)
	at org.codehaus.groovy.reflection.CachedConstructor.doConstructorInvoke(CachedConstructor.java:77)
	at org.codehaus.groovy.runtime.callsite.ConstructorSite$ConstructorSiteNoUnwrap.callConstructor(ConstructorSite.java:84)
	at org.codehaus.groovy.runtime.callsite.AbstractCallSite.callConstructor(AbstractCallSite.java:250)
	at io.restassured.internal.ResponseSpecificationImpl$HamcrestAssertionClosure.validate(ResponseSpecificationImpl.groovy:494)
	at io.restassured.internal.ResponseSpecificationImpl$HamcrestAssertionClosure$validate$1.call(Unknown Source)
	at io.restassured.internal.ResponseSpecificationImpl.validateResponseIfRequired(ResponseSpecificationImpl.groovy:656)
	at jdk.internal.reflect.GeneratedMethodAccessor64.invoke(Unknown Source)
	at java.base/jdk.internal.reflect.DelegatingMethodAccessorImpl.invoke(DelegatingMethodAccessorImpl.java:43)
	at java.base/java.lang.reflect.Method.invoke(Method.java:567)
	at org.codehaus.groovy.runtime.callsite.PogoMetaMethodSite$PogoCachedMethodSiteNoUnwrapNoCoerce.invoke(PogoMetaMethodSite.java:210)
	at org.codehaus.groovy.runtime.callsite.PogoMetaMethodSite.callCurrent(PogoMetaMethodSite.java:59)
	at org.codehaus.groovy.runtime.callsite.AbstractCallSite.callCurrent(AbstractCallSite.java:169)
	at io.restassured.internal.ResponseSpecificationImpl.statusCode(ResponseSpecificationImpl.groovy:125)
	at io.restassured.specification.ResponseSpecification$statusCode$0.callCurrent(Unknown Source)
	at io.restassured.internal.ResponseSpecificationImpl.statusCode(ResponseSpecificationImpl.groovy:133)
	at io.restassured.internal.ValidatableResponseOptionsImpl.statusCode(ValidatableResponseOptionsImpl.java:119)
	at api.DepositApiTest.depositTermDepositTermDepositDrawDownPost(DepositApiTest.java:226)
	at java.base/jdk.internal.reflect.NativeMethodAccessorImpl.invoke0(Native Method)
	at java.base/jdk.internal.reflect.NativeMethodAccessorImpl.invoke(NativeMethodAccessorImpl.java:62)
	at java.base/jdk.internal.reflect.DelegatingMethodAccessorImpl.invoke(DelegatingMethodAccessorImpl.java:43)
	at java.base/java.lang.reflect.Method.invoke(Method.java:567)
	at org.testng.internal.MethodInvocationHelper.invokeMethod(MethodInvocationHelper.java:124)
	at org.testng.internal.Invoker.invokeMethod(Invoker.java:583)
	at org.testng.internal.Invoker.invokeTestMethod(Invoker.java:719)
	at org.testng.internal.Invoker.invokeTestMethods(Invoker.java:989)
	at org.testng.internal.TestMethodWorker.invokeTestMethods(TestMethodWorker.java:125)
	at org.testng.internal.TestMethodWorker.run(TestMethodWorker.java:109)
	at org.testng.TestRunner.privateRun(TestRunner.java:648)
	at org.testng.TestRunner.run(TestRunner.java:505)
	at org.testng.SuiteRunner.runTest(SuiteRunner.java:455)
	at org.testng.SuiteRunner.access$000(SuiteRunner.java:40)
	at org.testng.SuiteRunner$SuiteWorker.run(SuiteRunner.java:489)
	at org.testng.internal.thread.ThreadUtil$1.call(ThreadUtil.java:52)
	at java.base/java.util.concurrent.FutureTask.run(FutureTask.java:264)
	at java.base/java.util.concurrent.ThreadPoolExecutor.runWorker(ThreadPoolExecutor.java:1128)
	at java.base/java.util.concurrent.ThreadPoolExecutor$Worker.run(ThreadPoolExecutor.java:628)
	at java.base/java.lang.Thread.run(Thread.java:835)
</pre></div></td>
<td>0</td>
<td>api.DepositApiTest@351d0846</td></tr>
<tr>
<td title='api.DepositApiTest.depositTermDepositTermDepositRenewalPost()'><b>depositTermDepositTermDepositRenewalPost</b><br>Test class: api.DepositApiTest</td>
<td><div><pre>java.lang.AssertionError: 1 expectation failed.
Expected status code &lt;200&gt; but was &lt;404&gt;.

	at org.codehaus.groovy.runtime.callsite.ConstructorSite$ConstructorSiteNoUnwrap.callConstructor(ConstructorSite.java:84)
	at org.codehaus.groovy.runtime.callsite.AbstractCallSite.callConstructor(AbstractCallSite.java:250)
	at io.restassured.internal.ResponseSpecificationImpl$HamcrestAssertionClosure.validate(ResponseSpecificationImpl.groovy:494)
	at io.restassured.internal.ResponseSpecificationImpl$HamcrestAssertionClosure$validate$1.call(Unknown Source)
	at io.restassured.internal.ResponseSpecificationImpl.validateResponseIfRequired(ResponseSpecificationImpl.groovy:656)
	at org.codehaus.groovy.runtime.callsite.PogoMetaMethodSite$PogoCachedMethodSiteNoUnwrapNoCoerce.invoke(PogoMetaMethodSite.java:210)
	at org.codehaus.groovy.runtime.callsite.PogoMetaMethodSite.callCurrent(PogoMetaMethodSite.java:59)
	at org.codehaus.groovy.runtime.callsite.AbstractCallSite.callCurrent(AbstractCallSite.java:169)
	at io.restassured.internal.ResponseSpecificationImpl.statusCode(ResponseSpecificationImpl.groovy:125)
	at io.restassured.specification.ResponseSpecification$statusCode$0.callCurrent(Unknown Source)
	at io.restassured.internal.ResponseSpecificationImpl.statusCode(ResponseSpecificationImpl.groovy:133)
	at io.restassured.internal.ValidatableResponseOptionsImpl.statusCode(ValidatableResponseOptionsImpl.java:119)
	at api.DepositApiTest.depositTermDepositTermDepositRenewalPost(DepositApiTest.java:248)
	at java.base/java.util.concurrent.FutureTask.run(FutureTask.java:264)
	at java.base/java.util.concurrent.ThreadPoolExecutor.runWorker(ThreadPoolExecutor.java:1128)
	at java.base/java.util.concurrent.ThreadPoolExecutor$Worker.run(ThreadPoolExecutor.java:628)
	at java.base/java.lang.Thread.run(Thread.java:835)
... Removed 26 stack frames</pre></div><a href='#' onClick='toggleBox("stack-trace1164660709", this, "Click to show all stack frames", "Click to hide stack frames")'>Click to show all stack frames</a>
<div class='stack-trace' id='stack-trace1164660709'><pre>java.lang.AssertionError: 1 expectation failed.
Expected status code &lt;200&gt; but was &lt;404&gt;.

	at java.base/jdk.internal.reflect.NativeConstructorAccessorImpl.newInstance0(Native Method)
	at java.base/jdk.internal.reflect.NativeConstructorAccessorImpl.newInstance(NativeConstructorAccessorImpl.java:62)
	at java.base/jdk.internal.reflect.DelegatingConstructorAccessorImpl.newInstance(DelegatingConstructorAccessorImpl.java:45)
	at java.base/java.lang.reflect.Constructor.newInstanceWithCaller(Constructor.java:500)
	at java.base/java.lang.reflect.Constructor.newInstance(Constructor.java:481)
	at org.codehaus.groovy.reflection.CachedConstructor.invoke(CachedConstructor.java:83)
	at org.codehaus.groovy.reflection.CachedConstructor.doConstructorInvoke(CachedConstructor.java:77)
	at org.codehaus.groovy.runtime.callsite.ConstructorSite$ConstructorSiteNoUnwrap.callConstructor(ConstructorSite.java:84)
	at org.codehaus.groovy.runtime.callsite.AbstractCallSite.callConstructor(AbstractCallSite.java:250)
	at io.restassured.internal.ResponseSpecificationImpl$HamcrestAssertionClosure.validate(ResponseSpecificationImpl.groovy:494)
	at io.restassured.internal.ResponseSpecificationImpl$HamcrestAssertionClosure$validate$1.call(Unknown Source)
	at io.restassured.internal.ResponseSpecificationImpl.validateResponseIfRequired(ResponseSpecificationImpl.groovy:656)
	at jdk.internal.reflect.GeneratedMethodAccessor64.invoke(Unknown Source)
	at java.base/jdk.internal.reflect.DelegatingMethodAccessorImpl.invoke(DelegatingMethodAccessorImpl.java:43)
	at java.base/java.lang.reflect.Method.invoke(Method.java:567)
	at org.codehaus.groovy.runtime.callsite.PogoMetaMethodSite$PogoCachedMethodSiteNoUnwrapNoCoerce.invoke(PogoMetaMethodSite.java:210)
	at org.codehaus.groovy.runtime.callsite.PogoMetaMethodSite.callCurrent(PogoMetaMethodSite.java:59)
	at org.codehaus.groovy.runtime.callsite.AbstractCallSite.callCurrent(AbstractCallSite.java:169)
	at io.restassured.internal.ResponseSpecificationImpl.statusCode(ResponseSpecificationImpl.groovy:125)
	at io.restassured.specification.ResponseSpecification$statusCode$0.callCurrent(Unknown Source)
	at io.restassured.internal.ResponseSpecificationImpl.statusCode(ResponseSpecificationImpl.groovy:133)
	at io.restassured.internal.ValidatableResponseOptionsImpl.statusCode(ValidatableResponseOptionsImpl.java:119)
	at api.DepositApiTest.depositTermDepositTermDepositRenewalPost(DepositApiTest.java:248)
	at java.base/jdk.internal.reflect.NativeMethodAccessorImpl.invoke0(Native Method)
	at java.base/jdk.internal.reflect.NativeMethodAccessorImpl.invoke(NativeMethodAccessorImpl.java:62)
	at java.base/jdk.internal.reflect.DelegatingMethodAccessorImpl.invoke(DelegatingMethodAccessorImpl.java:43)
	at java.base/java.lang.reflect.Method.invoke(Method.java:567)
	at org.testng.internal.MethodInvocationHelper.invokeMethod(MethodInvocationHelper.java:124)
	at org.testng.internal.Invoker.invokeMethod(Invoker.java:583)
	at org.testng.internal.Invoker.invokeTestMethod(Invoker.java:719)
	at org.testng.internal.Invoker.invokeTestMethods(Invoker.java:989)
	at org.testng.internal.TestMethodWorker.invokeTestMethods(TestMethodWorker.java:125)
	at org.testng.internal.TestMethodWorker.run(TestMethodWorker.java:109)
	at org.testng.TestRunner.privateRun(TestRunner.java:648)
	at org.testng.TestRunner.run(TestRunner.java:505)
	at org.testng.SuiteRunner.runTest(SuiteRunner.java:455)
	at org.testng.SuiteRunner.access$000(SuiteRunner.java:40)
	at org.testng.SuiteRunner$SuiteWorker.run(SuiteRunner.java:489)
	at org.testng.internal.thread.ThreadUtil$1.call(ThreadUtil.java:52)
	at java.base/java.util.concurrent.FutureTask.run(FutureTask.java:264)
	at java.base/java.util.concurrent.ThreadPoolExecutor.runWorker(ThreadPoolExecutor.java:1128)
	at java.base/java.util.concurrent.ThreadPoolExecutor$Worker.run(ThreadPoolExecutor.java:628)
	at java.base/java.lang.Thread.run(Thread.java:835)
</pre></div></td>
<td>0</td>
<td>api.DepositApiTest@351d0846</td></tr>
<tr>
<td title='api.DepositApiTest.depositTransactionLogEnquiryPost()'><b>depositTransactionLogEnquiryPost</b><br>Test class: api.DepositApiTest</td>
<td><div><pre>java.lang.AssertionError: 1 expectation failed.
Expected status code &lt;200&gt; but was &lt;404&gt;.

	at org.codehaus.groovy.runtime.callsite.ConstructorSite$ConstructorSiteNoUnwrap.callConstructor(ConstructorSite.java:84)
	at org.codehaus.groovy.runtime.callsite.AbstractCallSite.callConstructor(AbstractCallSite.java:250)
	at io.restassured.internal.ResponseSpecificationImpl$HamcrestAssertionClosure.validate(ResponseSpecificationImpl.groovy:494)
	at io.restassured.internal.ResponseSpecificationImpl$HamcrestAssertionClosure$validate$1.call(Unknown Source)
	at io.restassured.internal.ResponseSpecificationImpl.validateResponseIfRequired(ResponseSpecificationImpl.groovy:656)
	at org.codehaus.groovy.runtime.callsite.PogoMetaMethodSite$PogoCachedMethodSiteNoUnwrapNoCoerce.invoke(PogoMetaMethodSite.java:210)
	at org.codehaus.groovy.runtime.callsite.PogoMetaMethodSite.callCurrent(PogoMetaMethodSite.java:59)
	at org.codehaus.groovy.runtime.callsite.AbstractCallSite.callCurrent(AbstractCallSite.java:169)
	at io.restassured.internal.ResponseSpecificationImpl.statusCode(ResponseSpecificationImpl.groovy:125)
	at io.restassured.specification.ResponseSpecification$statusCode$0.callCurrent(Unknown Source)
	at io.restassured.internal.ResponseSpecificationImpl.statusCode(ResponseSpecificationImpl.groovy:133)
	at io.restassured.internal.ValidatableResponseOptionsImpl.statusCode(ValidatableResponseOptionsImpl.java:119)
	at api.DepositApiTest.depositTransactionLogEnquiryPost(DepositApiTest.java:310)
	at java.base/java.util.concurrent.FutureTask.run(FutureTask.java:264)
	at java.base/java.util.concurrent.ThreadPoolExecutor.runWorker(ThreadPoolExecutor.java:1128)
	at java.base/java.util.concurrent.ThreadPoolExecutor$Worker.run(ThreadPoolExecutor.java:628)
	at java.base/java.lang.Thread.run(Thread.java:835)
... Removed 26 stack frames</pre></div><a href='#' onClick='toggleBox("stack-trace1302346718", this, "Click to show all stack frames", "Click to hide stack frames")'>Click to show all stack frames</a>
<div class='stack-trace' id='stack-trace1302346718'><pre>java.lang.AssertionError: 1 expectation failed.
Expected status code &lt;200&gt; but was &lt;404&gt;.

	at java.base/jdk.internal.reflect.NativeConstructorAccessorImpl.newInstance0(Native Method)
	at java.base/jdk.internal.reflect.NativeConstructorAccessorImpl.newInstance(NativeConstructorAccessorImpl.java:62)
	at java.base/jdk.internal.reflect.DelegatingConstructorAccessorImpl.newInstance(DelegatingConstructorAccessorImpl.java:45)
	at java.base/java.lang.reflect.Constructor.newInstanceWithCaller(Constructor.java:500)
	at java.base/java.lang.reflect.Constructor.newInstance(Constructor.java:481)
	at org.codehaus.groovy.reflection.CachedConstructor.invoke(CachedConstructor.java:83)
	at org.codehaus.groovy.reflection.CachedConstructor.doConstructorInvoke(CachedConstructor.java:77)
	at org.codehaus.groovy.runtime.callsite.ConstructorSite$ConstructorSiteNoUnwrap.callConstructor(ConstructorSite.java:84)
	at org.codehaus.groovy.runtime.callsite.AbstractCallSite.callConstructor(AbstractCallSite.java:250)
	at io.restassured.internal.ResponseSpecificationImpl$HamcrestAssertionClosure.validate(ResponseSpecificationImpl.groovy:494)
	at io.restassured.internal.ResponseSpecificationImpl$HamcrestAssertionClosure$validate$1.call(Unknown Source)
	at io.restassured.internal.ResponseSpecificationImpl.validateResponseIfRequired(ResponseSpecificationImpl.groovy:656)
	at jdk.internal.reflect.GeneratedMethodAccessor64.invoke(Unknown Source)
	at java.base/jdk.internal.reflect.DelegatingMethodAccessorImpl.invoke(DelegatingMethodAccessorImpl.java:43)
	at java.base/java.lang.reflect.Method.invoke(Method.java:567)
	at org.codehaus.groovy.runtime.callsite.PogoMetaMethodSite$PogoCachedMethodSiteNoUnwrapNoCoerce.invoke(PogoMetaMethodSite.java:210)
	at org.codehaus.groovy.runtime.callsite.PogoMetaMethodSite.callCurrent(PogoMetaMethodSite.java:59)
	at org.codehaus.groovy.runtime.callsite.AbstractCallSite.callCurrent(AbstractCallSite.java:169)
	at io.restassured.internal.ResponseSpecificationImpl.statusCode(ResponseSpecificationImpl.groovy:125)
	at io.restassured.specification.ResponseSpecification$statusCode$0.callCurrent(Unknown Source)
	at io.restassured.internal.ResponseSpecificationImpl.statusCode(ResponseSpecificationImpl.groovy:133)
	at io.restassured.internal.ValidatableResponseOptionsImpl.statusCode(ValidatableResponseOptionsImpl.java:119)
	at api.DepositApiTest.depositTransactionLogEnquiryPost(DepositApiTest.java:310)
	at java.base/jdk.internal.reflect.NativeMethodAccessorImpl.invoke0(Native Method)
	at java.base/jdk.internal.reflect.NativeMethodAccessorImpl.invoke(NativeMethodAccessorImpl.java:62)
	at java.base/jdk.internal.reflect.DelegatingMethodAccessorImpl.invoke(DelegatingMethodAccessorImpl.java:43)
	at java.base/java.lang.reflect.Method.invoke(Method.java:567)
	at org.testng.internal.MethodInvocationHelper.invokeMethod(MethodInvocationHelper.java:124)
	at org.testng.internal.Invoker.invokeMethod(Invoker.java:583)
	at org.testng.internal.Invoker.invokeTestMethod(Invoker.java:719)
	at org.testng.internal.Invoker.invokeTestMethods(Invoker.java:989)
	at org.testng.internal.TestMethodWorker.invokeTestMethods(TestMethodWorker.java:125)
	at org.testng.internal.TestMethodWorker.run(TestMethodWorker.java:109)
	at org.testng.TestRunner.privateRun(TestRunner.java:648)
	at org.testng.TestRunner.run(TestRunner.java:505)
	at org.testng.SuiteRunner.runTest(SuiteRunner.java:455)
	at org.testng.SuiteRunner.access$000(SuiteRunner.java:40)
	at org.testng.SuiteRunner$SuiteWorker.run(SuiteRunner.java:489)
	at org.testng.internal.thread.ThreadUtil$1.call(ThreadUtil.java:52)
	at java.base/java.util.concurrent.FutureTask.run(FutureTask.java:264)
	at java.base/java.util.concurrent.ThreadPoolExecutor.runWorker(ThreadPoolExecutor.java:1128)
	at java.base/java.util.concurrent.ThreadPoolExecutor$Worker.run(ThreadPoolExecutor.java:628)
	at java.base/java.lang.Thread.run(Thread.java:835)
</pre></div></td>
<td>0</td>
<td>api.DepositApiTest@351d0846</td></tr>
<tr>
<td title='api.DepositApiTest.depositTransactionWithdrawalPost()'><b>depositTransactionWithdrawalPost</b><br>Test class: api.DepositApiTest</td>
<td><div><pre>java.lang.AssertionError: 1 expectation failed.
Expected status code &lt;200&gt; but was &lt;202&gt;.

	at org.codehaus.groovy.runtime.callsite.ConstructorSite$ConstructorSiteNoUnwrap.callConstructor(ConstructorSite.java:84)
	at org.codehaus.groovy.runtime.callsite.AbstractCallSite.callConstructor(AbstractCallSite.java:250)
	at io.restassured.internal.ResponseSpecificationImpl$HamcrestAssertionClosure.validate(ResponseSpecificationImpl.groovy:494)
	at io.restassured.internal.ResponseSpecificationImpl$HamcrestAssertionClosure$validate$1.call(Unknown Source)
	at io.restassured.internal.ResponseSpecificationImpl.validateResponseIfRequired(ResponseSpecificationImpl.groovy:656)
	at org.codehaus.groovy.runtime.callsite.PogoMetaMethodSite$PogoCachedMethodSiteNoUnwrapNoCoerce.invoke(PogoMetaMethodSite.java:210)
	at org.codehaus.groovy.runtime.callsite.PogoMetaMethodSite.callCurrent(PogoMetaMethodSite.java:59)
	at org.codehaus.groovy.runtime.callsite.AbstractCallSite.callCurrent(AbstractCallSite.java:169)
	at io.restassured.internal.ResponseSpecificationImpl.statusCode(ResponseSpecificationImpl.groovy:125)
	at io.restassured.specification.ResponseSpecification$statusCode$0.callCurrent(Unknown Source)
	at io.restassured.internal.ResponseSpecificationImpl.statusCode(ResponseSpecificationImpl.groovy:133)
	at io.restassured.internal.ValidatableResponseOptionsImpl.statusCode(ValidatableResponseOptionsImpl.java:119)
	at api.DepositApiTest.depositTransactionWithdrawalPost(DepositApiTest.java:295)
	at java.base/java.util.concurrent.FutureTask.run(FutureTask.java:264)
	at java.base/java.util.concurrent.ThreadPoolExecutor.runWorker(ThreadPoolExecutor.java:1128)
	at java.base/java.util.concurrent.ThreadPoolExecutor$Worker.run(ThreadPoolExecutor.java:628)
	at java.base/java.lang.Thread.run(Thread.java:835)
... Removed 26 stack frames</pre></div><a href='#' onClick='toggleBox("stack-trace1561939380", this, "Click to show all stack frames", "Click to hide stack frames")'>Click to show all stack frames</a>
<div class='stack-trace' id='stack-trace1561939380'><pre>java.lang.AssertionError: 1 expectation failed.
Expected status code &lt;200&gt; but was &lt;202&gt;.

	at java.base/jdk.internal.reflect.NativeConstructorAccessorImpl.newInstance0(Native Method)
	at java.base/jdk.internal.reflect.NativeConstructorAccessorImpl.newInstance(NativeConstructorAccessorImpl.java:62)
	at java.base/jdk.internal.reflect.DelegatingConstructorAccessorImpl.newInstance(DelegatingConstructorAccessorImpl.java:45)
	at java.base/java.lang.reflect.Constructor.newInstanceWithCaller(Constructor.java:500)
	at java.base/java.lang.reflect.Constructor.newInstance(Constructor.java:481)
	at org.codehaus.groovy.reflection.CachedConstructor.invoke(CachedConstructor.java:83)
	at org.codehaus.groovy.reflection.CachedConstructor.doConstructorInvoke(CachedConstructor.java:77)
	at org.codehaus.groovy.runtime.callsite.ConstructorSite$ConstructorSiteNoUnwrap.callConstructor(ConstructorSite.java:84)
	at org.codehaus.groovy.runtime.callsite.AbstractCallSite.callConstructor(AbstractCallSite.java:250)
	at io.restassured.internal.ResponseSpecificationImpl$HamcrestAssertionClosure.validate(ResponseSpecificationImpl.groovy:494)
	at io.restassured.internal.ResponseSpecificationImpl$HamcrestAssertionClosure$validate$1.call(Unknown Source)
	at io.restassured.internal.ResponseSpecificationImpl.validateResponseIfRequired(ResponseSpecificationImpl.groovy:656)
	at jdk.internal.reflect.GeneratedMethodAccessor64.invoke(Unknown Source)
	at java.base/jdk.internal.reflect.DelegatingMethodAccessorImpl.invoke(DelegatingMethodAccessorImpl.java:43)
	at java.base/java.lang.reflect.Method.invoke(Method.java:567)
	at org.codehaus.groovy.runtime.callsite.PogoMetaMethodSite$PogoCachedMethodSiteNoUnwrapNoCoerce.invoke(PogoMetaMethodSite.java:210)
	at org.codehaus.groovy.runtime.callsite.PogoMetaMethodSite.callCurrent(PogoMetaMethodSite.java:59)
	at org.codehaus.groovy.runtime.callsite.AbstractCallSite.callCurrent(AbstractCallSite.java:169)
	at io.restassured.internal.ResponseSpecificationImpl.statusCode(ResponseSpecificationImpl.groovy:125)
	at io.restassured.specification.ResponseSpecification$statusCode$0.callCurrent(Unknown Source)
	at io.restassured.internal.ResponseSpecificationImpl.statusCode(ResponseSpecificationImpl.groovy:133)
	at io.restassured.internal.ValidatableResponseOptionsImpl.statusCode(ValidatableResponseOptionsImpl.java:119)
	at api.DepositApiTest.depositTransactionWithdrawalPost(DepositApiTest.java:295)
	at java.base/jdk.internal.reflect.NativeMethodAccessorImpl.invoke0(Native Method)
	at java.base/jdk.internal.reflect.NativeMethodAccessorImpl.invoke(NativeMethodAccessorImpl.java:62)
	at java.base/jdk.internal.reflect.DelegatingMethodAccessorImpl.invoke(DelegatingMethodAccessorImpl.java:43)
	at java.base/java.lang.reflect.Method.invoke(Method.java:567)
	at org.testng.internal.MethodInvocationHelper.invokeMethod(MethodInvocationHelper.java:124)
	at org.testng.internal.Invoker.invokeMethod(Invoker.java:583)
	at org.testng.internal.Invoker.invokeTestMethod(Invoker.java:719)
	at org.testng.internal.Invoker.invokeTestMethods(Invoker.java:989)
	at org.testng.internal.TestMethodWorker.invokeTestMethods(TestMethodWorker.java:125)
	at org.testng.internal.TestMethodWorker.run(TestMethodWorker.java:109)
	at org.testng.TestRunner.privateRun(TestRunner.java:648)
	at org.testng.TestRunner.run(TestRunner.java:505)
	at org.testng.SuiteRunner.runTest(SuiteRunner.java:455)
	at org.testng.SuiteRunner.access$000(SuiteRunner.java:40)
	at org.testng.SuiteRunner$SuiteWorker.run(SuiteRunner.java:489)
	at org.testng.internal.thread.ThreadUtil$1.call(ThreadUtil.java:52)
	at java.base/java.util.concurrent.FutureTask.run(FutureTask.java:264)
	at java.base/java.util.concurrent.ThreadPoolExecutor.runWorker(ThreadPoolExecutor.java:1128)
	at java.base/java.util.concurrent.ThreadPoolExecutor$Worker.run(ThreadPoolExecutor.java:628)
	at java.base/java.lang.Thread.run(Thread.java:835)
</pre></div></td>
<td>1</td>
<td>api.DepositApiTest@351d0846</td></tr>
<tr>
<td title='api.InvestmentApiTest.investmentOrderRetrievalPost()'><b>investmentOrderRetrievalPost</b><br>Test class: api.InvestmentApiTest</td>
<td><div><pre>java.lang.AssertionError: 1 expectation failed.
Expected status code &lt;200&gt; but was &lt;404&gt;.

	at org.codehaus.groovy.runtime.callsite.ConstructorSite$ConstructorSiteNoUnwrap.callConstructor(ConstructorSite.java:84)
	at org.codehaus.groovy.runtime.callsite.AbstractCallSite.callConstructor(AbstractCallSite.java:250)
	at io.restassured.internal.ResponseSpecificationImpl$HamcrestAssertionClosure.validate(ResponseSpecificationImpl.groovy:494)
	at io.restassured.internal.ResponseSpecificationImpl$HamcrestAssertionClosure$validate$1.call(Unknown Source)
	at io.restassured.internal.ResponseSpecificationImpl.validateResponseIfRequired(ResponseSpecificationImpl.groovy:656)
	at org.codehaus.groovy.runtime.callsite.PogoMetaMethodSite$PogoCachedMethodSiteNoUnwrapNoCoerce.invoke(PogoMetaMethodSite.java:210)
	at org.codehaus.groovy.runtime.callsite.PogoMetaMethodSite.callCurrent(PogoMetaMethodSite.java:59)
	at org.codehaus.groovy.runtime.callsite.AbstractCallSite.callCurrent(AbstractCallSite.java:169)
	at io.restassured.internal.ResponseSpecificationImpl.statusCode(ResponseSpecificationImpl.groovy:125)
	at io.restassured.specification.ResponseSpecification$statusCode$0.callCurrent(Unknown Source)
	at io.restassured.internal.ResponseSpecificationImpl.statusCode(ResponseSpecificationImpl.groovy:133)
	at io.restassured.internal.ValidatableResponseOptionsImpl.statusCode(ValidatableResponseOptionsImpl.java:119)
	at api.InvestmentApiTest.investmentOrderRetrievalPost(InvestmentApiTest.java:134)
	at java.base/java.util.concurrent.FutureTask.run(FutureTask.java:264)
	at java.base/java.util.concurrent.ThreadPoolExecutor.runWorker(ThreadPoolExecutor.java:1128)
	at java.base/java.util.concurrent.ThreadPoolExecutor$Worker.run(ThreadPoolExecutor.java:628)
	at java.base/java.lang.Thread.run(Thread.java:835)
... Removed 26 stack frames</pre></div><a href='#' onClick='toggleBox("stack-trace230336469", this, "Click to show all stack frames", "Click to hide stack frames")'>Click to show all stack frames</a>
<div class='stack-trace' id='stack-trace230336469'><pre>java.lang.AssertionError: 1 expectation failed.
Expected status code &lt;200&gt; but was &lt;404&gt;.

	at java.base/jdk.internal.reflect.NativeConstructorAccessorImpl.newInstance0(Native Method)
	at java.base/jdk.internal.reflect.NativeConstructorAccessorImpl.newInstance(NativeConstructorAccessorImpl.java:62)
	at java.base/jdk.internal.reflect.DelegatingConstructorAccessorImpl.newInstance(DelegatingConstructorAccessorImpl.java:45)
	at java.base/java.lang.reflect.Constructor.newInstanceWithCaller(Constructor.java:500)
	at java.base/java.lang.reflect.Constructor.newInstance(Constructor.java:481)
	at org.codehaus.groovy.reflection.CachedConstructor.invoke(CachedConstructor.java:83)
	at org.codehaus.groovy.reflection.CachedConstructor.doConstructorInvoke(CachedConstructor.java:77)
	at org.codehaus.groovy.runtime.callsite.ConstructorSite$ConstructorSiteNoUnwrap.callConstructor(ConstructorSite.java:84)
	at org.codehaus.groovy.runtime.callsite.AbstractCallSite.callConstructor(AbstractCallSite.java:250)
	at io.restassured.internal.ResponseSpecificationImpl$HamcrestAssertionClosure.validate(ResponseSpecificationImpl.groovy:494)
	at io.restassured.internal.ResponseSpecificationImpl$HamcrestAssertionClosure$validate$1.call(Unknown Source)
	at io.restassured.internal.ResponseSpecificationImpl.validateResponseIfRequired(ResponseSpecificationImpl.groovy:656)
	at jdk.internal.reflect.GeneratedMethodAccessor64.invoke(Unknown Source)
	at java.base/jdk.internal.reflect.DelegatingMethodAccessorImpl.invoke(DelegatingMethodAccessorImpl.java:43)
	at java.base/java.lang.reflect.Method.invoke(Method.java:567)
	at org.codehaus.groovy.runtime.callsite.PogoMetaMethodSite$PogoCachedMethodSiteNoUnwrapNoCoerce.invoke(PogoMetaMethodSite.java:210)
	at org.codehaus.groovy.runtime.callsite.PogoMetaMethodSite.callCurrent(PogoMetaMethodSite.java:59)
	at org.codehaus.groovy.runtime.callsite.AbstractCallSite.callCurrent(AbstractCallSite.java:169)
	at io.restassured.internal.ResponseSpecificationImpl.statusCode(ResponseSpecificationImpl.groovy:125)
	at io.restassured.specification.ResponseSpecification$statusCode$0.callCurrent(Unknown Source)
	at io.restassured.internal.ResponseSpecificationImpl.statusCode(ResponseSpecificationImpl.groovy:133)
	at io.restassured.internal.ValidatableResponseOptionsImpl.statusCode(ValidatableResponseOptionsImpl.java:119)
	at api.InvestmentApiTest.investmentOrderRetrievalPost(InvestmentApiTest.java:134)
	at java.base/jdk.internal.reflect.NativeMethodAccessorImpl.invoke0(Native Method)
	at java.base/jdk.internal.reflect.NativeMethodAccessorImpl.invoke(NativeMethodAccessorImpl.java:62)
	at java.base/jdk.internal.reflect.DelegatingMethodAccessorImpl.invoke(DelegatingMethodAccessorImpl.java:43)
	at java.base/java.lang.reflect.Method.invoke(Method.java:567)
	at org.testng.internal.MethodInvocationHelper.invokeMethod(MethodInvocationHelper.java:124)
	at org.testng.internal.Invoker.invokeMethod(Invoker.java:583)
	at org.testng.internal.Invoker.invokeTestMethod(Invoker.java:719)
	at org.testng.internal.Invoker.invokeTestMethods(Invoker.java:989)
	at org.testng.internal.TestMethodWorker.invokeTestMethods(TestMethodWorker.java:125)
	at org.testng.internal.TestMethodWorker.run(TestMethodWorker.java:109)
	at org.testng.TestRunner.privateRun(TestRunner.java:648)
	at org.testng.TestRunner.run(TestRunner.java:505)
	at org.testng.SuiteRunner.runTest(SuiteRunner.java:455)
	at org.testng.SuiteRunner.access$000(SuiteRunner.java:40)
	at org.testng.SuiteRunner$SuiteWorker.run(SuiteRunner.java:489)
	at org.testng.internal.thread.ThreadUtil$1.call(ThreadUtil.java:52)
	at java.base/java.util.concurrent.FutureTask.run(FutureTask.java:264)
	at java.base/java.util.concurrent.ThreadPoolExecutor.runWorker(ThreadPoolExecutor.java:1128)
	at java.base/java.util.concurrent.ThreadPoolExecutor$Worker.run(ThreadPoolExecutor.java:628)
	at java.base/java.lang.Thread.run(Thread.java:835)
</pre></div></td>
<td>1</td>
<td>api.InvestmentApiTest@35fc6dc4</td></tr>
<tr>
<td title='api.LoanApiTest.leonMortageCancellationPost()'><b>leonMortageCancellationPost</b><br>Test class: api.LoanApiTest</td>
<td><div><pre>java.lang.AssertionError: 1 expectation failed.
Expected status code &lt;200&gt; but was &lt;404&gt;.

	at org.codehaus.groovy.runtime.callsite.ConstructorSite$ConstructorSiteNoUnwrap.callConstructor(ConstructorSite.java:84)
	at org.codehaus.groovy.runtime.callsite.AbstractCallSite.callConstructor(AbstractCallSite.java:250)
	at io.restassured.internal.ResponseSpecificationImpl$HamcrestAssertionClosure.validate(ResponseSpecificationImpl.groovy:494)
	at io.restassured.internal.ResponseSpecificationImpl$HamcrestAssertionClosure$validate$1.call(Unknown Source)
	at io.restassured.internal.ResponseSpecificationImpl.validateResponseIfRequired(ResponseSpecificationImpl.groovy:656)
	at org.codehaus.groovy.runtime.callsite.PogoMetaMethodSite$PogoCachedMethodSiteNoUnwrapNoCoerce.invoke(PogoMetaMethodSite.java:210)
	at org.codehaus.groovy.runtime.callsite.PogoMetaMethodSite.callCurrent(PogoMetaMethodSite.java:59)
	at org.codehaus.groovy.runtime.callsite.AbstractCallSite.callCurrent(AbstractCallSite.java:169)
	at io.restassured.internal.ResponseSpecificationImpl.statusCode(ResponseSpecificationImpl.groovy:125)
	at io.restassured.specification.ResponseSpecification$statusCode$0.callCurrent(Unknown Source)
	at io.restassured.internal.ResponseSpecificationImpl.statusCode(ResponseSpecificationImpl.groovy:133)
	at io.restassured.internal.ValidatableResponseOptionsImpl.statusCode(ValidatableResponseOptionsImpl.java:119)
	at api.LoanApiTest.leonMortageCancellationPost(LoanApiTest.java:55)
	at java.base/java.util.concurrent.FutureTask.run(FutureTask.java:264)
	at java.base/java.util.concurrent.ThreadPoolExecutor.runWorker(ThreadPoolExecutor.java:1128)
	at java.base/java.util.concurrent.ThreadPoolExecutor$Worker.run(ThreadPoolExecutor.java:628)
	at java.base/java.lang.Thread.run(Thread.java:835)
... Removed 26 stack frames</pre></div><a href='#' onClick='toggleBox("stack-trace1381631564", this, "Click to show all stack frames", "Click to hide stack frames")'>Click to show all stack frames</a>
<div class='stack-trace' id='stack-trace1381631564'><pre>java.lang.AssertionError: 1 expectation failed.
Expected status code &lt;200&gt; but was &lt;404&gt;.

	at java.base/jdk.internal.reflect.NativeConstructorAccessorImpl.newInstance0(Native Method)
	at java.base/jdk.internal.reflect.NativeConstructorAccessorImpl.newInstance(NativeConstructorAccessorImpl.java:62)
	at java.base/jdk.internal.reflect.DelegatingConstructorAccessorImpl.newInstance(DelegatingConstructorAccessorImpl.java:45)
	at java.base/java.lang.reflect.Constructor.newInstanceWithCaller(Constructor.java:500)
	at java.base/java.lang.reflect.Constructor.newInstance(Constructor.java:481)
	at org.codehaus.groovy.reflection.CachedConstructor.invoke(CachedConstructor.java:83)
	at org.codehaus.groovy.reflection.CachedConstructor.doConstructorInvoke(CachedConstructor.java:77)
	at org.codehaus.groovy.runtime.callsite.ConstructorSite$ConstructorSiteNoUnwrap.callConstructor(ConstructorSite.java:84)
	at org.codehaus.groovy.runtime.callsite.AbstractCallSite.callConstructor(AbstractCallSite.java:250)
	at io.restassured.internal.ResponseSpecificationImpl$HamcrestAssertionClosure.validate(ResponseSpecificationImpl.groovy:494)
	at io.restassured.internal.ResponseSpecificationImpl$HamcrestAssertionClosure$validate$1.call(Unknown Source)
	at io.restassured.internal.ResponseSpecificationImpl.validateResponseIfRequired(ResponseSpecificationImpl.groovy:656)
	at jdk.internal.reflect.GeneratedMethodAccessor64.invoke(Unknown Source)
	at java.base/jdk.internal.reflect.DelegatingMethodAccessorImpl.invoke(DelegatingMethodAccessorImpl.java:43)
	at java.base/java.lang.reflect.Method.invoke(Method.java:567)
	at org.codehaus.groovy.runtime.callsite.PogoMetaMethodSite$PogoCachedMethodSiteNoUnwrapNoCoerce.invoke(PogoMetaMethodSite.java:210)
	at org.codehaus.groovy.runtime.callsite.PogoMetaMethodSite.callCurrent(PogoMetaMethodSite.java:59)
	at org.codehaus.groovy.runtime.callsite.AbstractCallSite.callCurrent(AbstractCallSite.java:169)
	at io.restassured.internal.ResponseSpecificationImpl.statusCode(ResponseSpecificationImpl.groovy:125)
	at io.restassured.specification.ResponseSpecification$statusCode$0.callCurrent(Unknown Source)
	at io.restassured.internal.ResponseSpecificationImpl.statusCode(ResponseSpecificationImpl.groovy:133)
	at io.restassured.internal.ValidatableResponseOptionsImpl.statusCode(ValidatableResponseOptionsImpl.java:119)
	at api.LoanApiTest.leonMortageCancellationPost(LoanApiTest.java:55)
	at java.base/jdk.internal.reflect.NativeMethodAccessorImpl.invoke0(Native Method)
	at java.base/jdk.internal.reflect.NativeMethodAccessorImpl.invoke(NativeMethodAccessorImpl.java:62)
	at java.base/jdk.internal.reflect.DelegatingMethodAccessorImpl.invoke(DelegatingMethodAccessorImpl.java:43)
	at java.base/java.lang.reflect.Method.invoke(Method.java:567)
	at org.testng.internal.MethodInvocationHelper.invokeMethod(MethodInvocationHelper.java:124)
	at org.testng.internal.Invoker.invokeMethod(Invoker.java:583)
	at org.testng.internal.Invoker.invokeTestMethod(Invoker.java:719)
	at org.testng.internal.Invoker.invokeTestMethods(Invoker.java:989)
	at org.testng.internal.TestMethodWorker.invokeTestMethods(TestMethodWorker.java:125)
	at org.testng.internal.TestMethodWorker.run(TestMethodWorker.java:109)
	at org.testng.TestRunner.privateRun(TestRunner.java:648)
	at org.testng.TestRunner.run(TestRunner.java:505)
	at org.testng.SuiteRunner.runTest(SuiteRunner.java:455)
	at org.testng.SuiteRunner.access$000(SuiteRunner.java:40)
	at org.testng.SuiteRunner$SuiteWorker.run(SuiteRunner.java:489)
	at org.testng.internal.thread.ThreadUtil$1.call(ThreadUtil.java:52)
	at java.base/java.util.concurrent.FutureTask.run(FutureTask.java:264)
	at java.base/java.util.concurrent.ThreadPoolExecutor.runWorker(ThreadPoolExecutor.java:1128)
	at java.base/java.util.concurrent.ThreadPoolExecutor$Worker.run(ThreadPoolExecutor.java:628)
	at java.base/java.lang.Thread.run(Thread.java:835)
</pre></div></td>
<td>0</td>
<td>api.LoanApiTest@7fe8ea47</td></tr>
<tr>
<td title='api.LoanApiTest.leonMortageOverDueRepaymentEnquiryPost()'><b>leonMortageOverDueRepaymentEnquiryPost</b><br>Test class: api.LoanApiTest</td>
<td><div><pre>java.lang.AssertionError: 1 expectation failed.
Expected status code &lt;200&gt; but was &lt;404&gt;.

	at org.codehaus.groovy.runtime.callsite.ConstructorSite$ConstructorSiteNoUnwrap.callConstructor(ConstructorSite.java:84)
	at org.codehaus.groovy.runtime.callsite.AbstractCallSite.callConstructor(AbstractCallSite.java:250)
	at io.restassured.internal.ResponseSpecificationImpl$HamcrestAssertionClosure.validate(ResponseSpecificationImpl.groovy:494)
	at io.restassured.internal.ResponseSpecificationImpl$HamcrestAssertionClosure$validate$1.call(Unknown Source)
	at io.restassured.internal.ResponseSpecificationImpl.validateResponseIfRequired(ResponseSpecificationImpl.groovy:656)
	at org.codehaus.groovy.runtime.callsite.PogoMetaMethodSite$PogoCachedMethodSiteNoUnwrapNoCoerce.invoke(PogoMetaMethodSite.java:210)
	at org.codehaus.groovy.runtime.callsite.PogoMetaMethodSite.callCurrent(PogoMetaMethodSite.java:59)
	at org.codehaus.groovy.runtime.callsite.AbstractCallSite.callCurrent(AbstractCallSite.java:169)
	at io.restassured.internal.ResponseSpecificationImpl.statusCode(ResponseSpecificationImpl.groovy:125)
	at io.restassured.specification.ResponseSpecification$statusCode$0.callCurrent(Unknown Source)
	at io.restassured.internal.ResponseSpecificationImpl.statusCode(ResponseSpecificationImpl.groovy:133)
	at io.restassured.internal.ValidatableResponseOptionsImpl.statusCode(ValidatableResponseOptionsImpl.java:119)
	at api.LoanApiTest.leonMortageOverDueRepaymentEnquiryPost(LoanApiTest.java:111)
	at java.base/java.util.concurrent.FutureTask.run(FutureTask.java:264)
	at java.base/java.util.concurrent.ThreadPoolExecutor.runWorker(ThreadPoolExecutor.java:1128)
	at java.base/java.util.concurrent.ThreadPoolExecutor$Worker.run(ThreadPoolExecutor.java:628)
	at java.base/java.lang.Thread.run(Thread.java:835)
... Removed 26 stack frames</pre></div><a href='#' onClick='toggleBox("stack-trace2046741939", this, "Click to show all stack frames", "Click to hide stack frames")'>Click to show all stack frames</a>
<div class='stack-trace' id='stack-trace2046741939'><pre>java.lang.AssertionError: 1 expectation failed.
Expected status code &lt;200&gt; but was &lt;404&gt;.

	at java.base/jdk.internal.reflect.NativeConstructorAccessorImpl.newInstance0(Native Method)
	at java.base/jdk.internal.reflect.NativeConstructorAccessorImpl.newInstance(NativeConstructorAccessorImpl.java:62)
	at java.base/jdk.internal.reflect.DelegatingConstructorAccessorImpl.newInstance(DelegatingConstructorAccessorImpl.java:45)
	at java.base/java.lang.reflect.Constructor.newInstanceWithCaller(Constructor.java:500)
	at java.base/java.lang.reflect.Constructor.newInstance(Constructor.java:481)
	at org.codehaus.groovy.reflection.CachedConstructor.invoke(CachedConstructor.java:83)
	at org.codehaus.groovy.reflection.CachedConstructor.doConstructorInvoke(CachedConstructor.java:77)
	at org.codehaus.groovy.runtime.callsite.ConstructorSite$ConstructorSiteNoUnwrap.callConstructor(ConstructorSite.java:84)
	at org.codehaus.groovy.runtime.callsite.AbstractCallSite.callConstructor(AbstractCallSite.java:250)
	at io.restassured.internal.ResponseSpecificationImpl$HamcrestAssertionClosure.validate(ResponseSpecificationImpl.groovy:494)
	at io.restassured.internal.ResponseSpecificationImpl$HamcrestAssertionClosure$validate$1.call(Unknown Source)
	at io.restassured.internal.ResponseSpecificationImpl.validateResponseIfRequired(ResponseSpecificationImpl.groovy:656)
	at jdk.internal.reflect.GeneratedMethodAccessor64.invoke(Unknown Source)
	at java.base/jdk.internal.reflect.DelegatingMethodAccessorImpl.invoke(DelegatingMethodAccessorImpl.java:43)
	at java.base/java.lang.reflect.Method.invoke(Method.java:567)
	at org.codehaus.groovy.runtime.callsite.PogoMetaMethodSite$PogoCachedMethodSiteNoUnwrapNoCoerce.invoke(PogoMetaMethodSite.java:210)
	at org.codehaus.groovy.runtime.callsite.PogoMetaMethodSite.callCurrent(PogoMetaMethodSite.java:59)
	at org.codehaus.groovy.runtime.callsite.AbstractCallSite.callCurrent(AbstractCallSite.java:169)
	at io.restassured.internal.ResponseSpecificationImpl.statusCode(ResponseSpecificationImpl.groovy:125)
	at io.restassured.specification.ResponseSpecification$statusCode$0.callCurrent(Unknown Source)
	at io.restassured.internal.ResponseSpecificationImpl.statusCode(ResponseSpecificationImpl.groovy:133)
	at io.restassured.internal.ValidatableResponseOptionsImpl.statusCode(ValidatableResponseOptionsImpl.java:119)
	at api.LoanApiTest.leonMortageOverDueRepaymentEnquiryPost(LoanApiTest.java:111)
	at java.base/jdk.internal.reflect.NativeMethodAccessorImpl.invoke0(Native Method)
	at java.base/jdk.internal.reflect.NativeMethodAccessorImpl.invoke(NativeMethodAccessorImpl.java:62)
	at java.base/jdk.internal.reflect.DelegatingMethodAccessorImpl.invoke(DelegatingMethodAccessorImpl.java:43)
	at java.base/java.lang.reflect.Method.invoke(Method.java:567)
	at org.testng.internal.MethodInvocationHelper.invokeMethod(MethodInvocationHelper.java:124)
	at org.testng.internal.Invoker.invokeMethod(Invoker.java:583)
	at org.testng.internal.Invoker.invokeTestMethod(Invoker.java:719)
	at org.testng.internal.Invoker.invokeTestMethods(Invoker.java:989)
	at org.testng.internal.TestMethodWorker.invokeTestMethods(TestMethodWorker.java:125)
	at org.testng.internal.TestMethodWorker.run(TestMethodWorker.java:109)
	at org.testng.TestRunner.privateRun(TestRunner.java:648)
	at org.testng.TestRunner.run(TestRunner.java:505)
	at org.testng.SuiteRunner.runTest(SuiteRunner.java:455)
	at org.testng.SuiteRunner.access$000(SuiteRunner.java:40)
	at org.testng.SuiteRunner$SuiteWorker.run(SuiteRunner.java:489)
	at org.testng.internal.thread.ThreadUtil$1.call(ThreadUtil.java:52)
	at java.base/java.util.concurrent.FutureTask.run(FutureTask.java:264)
	at java.base/java.util.concurrent.ThreadPoolExecutor.runWorker(ThreadPoolExecutor.java:1128)
	at java.base/java.util.concurrent.ThreadPoolExecutor$Worker.run(ThreadPoolExecutor.java:628)
	at java.base/java.lang.Thread.run(Thread.java:835)
</pre></div></td>
<td>0</td>
<td>api.LoanApiTest@7fe8ea47</td></tr>
</table><p>
<table width='100%' border='1' class='invocation-passed'>
<tr><td colspan='4' align='center'><b>PASSED TESTS</b></td></tr>
<tr><td><b>Test method</b></td>
<td width="30%"><b>Exception</b></td>
<td width="10%"><b>Time (seconds)</b></td>
<td><b>Instance</b></td>
</tr>
<tr>
<td title='api.CreditCardApiTest.creditCardAccountOpeningPost()'><b>creditCardAccountOpeningPost</b><br>Test class: api.CreditCardApiTest</td>
<td></td>
<td>4</td>
<td>api.CreditCardApiTest@4461c7e3</td></tr>
<tr>
<td title='api.CreditCardApiTest.creditCardCanCellationPost()'><b>creditCardCanCellationPost</b><br>Test class: api.CreditCardApiTest</td>
<td></td>
<td>1</td>
<td>api.CreditCardApiTest@4461c7e3</td></tr>
<tr>
<td title='api.CreditCardApiTest.creditCardCreditLimitDetailsPost()'><b>creditCardCreditLimitDetailsPost</b><br>Test class: api.CreditCardApiTest</td>
<td></td>
<td>2</td>
<td>api.CreditCardApiTest@4461c7e3</td></tr>
<tr>
<td title='api.CreditCardApiTest.creditCardLimitDecreasePost()'><b>creditCardLimitDecreasePost</b><br>Test class: api.CreditCardApiTest</td>
<td></td>
<td>1</td>
<td>api.CreditCardApiTest@4461c7e3</td></tr>
<tr>
<td title='api.CreditCardApiTest.creditCardLimitIncreasePost()'><b>creditCardLimitIncreasePost</b><br>Test class: api.CreditCardApiTest</td>
<td></td>
<td>0</td>
<td>api.CreditCardApiTest@4461c7e3</td></tr>
<tr>
<td title='api.CreditCardApiTest.creditCardLossReportingPost()'><b>creditCardLossReportingPost</b><br>Test class: api.CreditCardApiTest</td>
<td></td>
<td>1</td>
<td>api.CreditCardApiTest@4461c7e3</td></tr>
<tr>
<td title='api.CreditCardApiTest.creditCardNumberValidationPost()'><b>creditCardNumberValidationPost</b><br>Test class: api.CreditCardApiTest</td>
<td></td>
<td>0</td>
<td>api.CreditCardApiTest@4461c7e3</td></tr>
<tr>
<td title='api.CreditCardApiTest.creditCardPaymentCreditCardRepeymentPost()'><b>creditCardPaymentCreditCardRepeymentPost</b><br>Test class: api.CreditCardApiTest</td>
<td></td>
<td>1</td>
<td>api.CreditCardApiTest@4461c7e3</td></tr>
<tr>
<td title='api.CreditCardApiTest.creditCardPaymentOutstandingPaymentPost()'><b>creditCardPaymentOutstandingPaymentPost</b><br>Test class: api.CreditCardApiTest</td>
<td></td>
<td>1</td>
<td>api.CreditCardApiTest@4461c7e3</td></tr>
<tr>
<td title='api.CreditCardApiTest.creditCardPaymentProductEnquiryPost()'><b>creditCardPaymentProductEnquiryPost</b><br>Test class: api.CreditCardApiTest</td>
<td></td>
<td>1</td>
<td>api.CreditCardApiTest@4461c7e3</td></tr>
<tr>
<td title='api.CreditCardApiTest.creditCardPaymentRedemptionHistoryPost()'><b>creditCardPaymentRedemptionHistoryPost</b><br>Test class: api.CreditCardApiTest</td>
<td></td>
<td>1</td>
<td>api.CreditCardApiTest@4461c7e3</td></tr>
<tr>
<td title='api.CreditCardApiTest.creditCardPaymentTotalPointPost()'><b>creditCardPaymentTotalPointPost</b><br>Test class: api.CreditCardApiTest</td>
<td></td>
<td>0</td>
<td>api.CreditCardApiTest@4461c7e3</td></tr>
<tr>
<td title='api.CreditCardApiTest.creditCardTransactiontRansactionDetailsPost()'><b>creditCardTransactiontRansactionDetailsPost</b><br>Test class: api.CreditCardApiTest</td>
<td></td>
<td>0</td>
<td>api.CreditCardApiTest@4461c7e3</td></tr>
<tr>
<td title='api.CreditCardApiTest.creditCardTransactiontTransactionPostingPost()'><b>creditCardTransactiontTransactionPostingPost</b><br>Test class: api.CreditCardApiTest</td>
<td></td>
<td>0</td>
<td>api.CreditCardApiTest@4461c7e3</td></tr>
<tr>
<td title='api.DepositApiTest.depositAccountEnquiryAccountDetailsGet()'><b>depositAccountEnquiryAccountDetailsGet</b><br>Test class: api.DepositApiTest</td>
<td></td>
<td>1</td>
<td>api.DepositApiTest@351d0846</td></tr>
<tr>
<td title='api.ForeignExchangeApiTest.depositAccountEnquiryAccountDetailsGet()'><b>depositAccountEnquiryAccountDetailsGet</b><br>Test class: api.ForeignExchangeApiTest</td>
<td></td>
<td>1</td>
<td>api.ForeignExchangeApiTest@77e4c80f</td></tr>
<tr>
<td title='api.DepositApiTest.depositAccountEnquiryAllAccountGet()'><b>depositAccountEnquiryAllAccountGet</b><br>Test class: api.DepositApiTest</td>
<td></td>
<td>4</td>
<td>api.DepositApiTest@351d0846</td></tr>
<tr>
<td title='api.DepositApiTest.depositAccountEnquiryPost()'><b>depositAccountEnquiryPost</b><br>Test class: api.DepositApiTest</td>
<td></td>
<td>0</td>
<td>api.DepositApiTest@351d0846</td></tr>
<tr>
<td title='api.DepositApiTest.depositAccountMaintenanceAccountClosureGet()'><b>depositAccountMaintenanceAccountClosureGet</b><br>Test class: api.DepositApiTest</td>
<td></td>
<td>0</td>
<td>api.DepositApiTest@351d0846</td></tr>
<tr>
<td title='api.DepositApiTest.depositAccountOpeningAccountCreationPost()'><b>depositAccountOpeningAccountCreationPost</b><br>Test class: api.DepositApiTest</td>
<td></td>
<td>0</td>
<td>api.DepositApiTest@351d0846</td></tr>
<tr>
<td title='api.DepositApiTest.depositCurrentAccountOpeningPost()'><b>depositCurrentAccountOpeningPost</b><br>Test class: api.DepositApiTest</td>
<td></td>
<td>0</td>
<td>api.DepositApiTest@351d0846</td></tr>
<tr>
<td title='api.DepositApiTest.depositCusMainCustContactInfoUpdatePost()'><b>depositCusMainCustContactInfoUpdatePost</b><br>Test class: api.DepositApiTest</td>
<td></td>
<td>0</td>
<td>api.DepositApiTest@351d0846</td></tr>
<tr>
<td title='api.DepositApiTest.depositCusMainCustomerCreationPost()'><b>depositCusMainCustomerCreationPost</b><br>Test class: api.DepositApiTest</td>
<td></td>
<td>0</td>
<td>api.DepositApiTest@351d0846</td></tr>
<tr>
<td title='api.DepositApiTest.depositFeAccountOpeningPost()'><b>depositFeAccountOpeningPost</b><br>Test class: api.DepositApiTest</td>
<td></td>
<td>1</td>
<td>api.DepositApiTest@351d0846</td></tr>
<tr>
<td title='api.DepositApiTest.depositMetAccountOpeningPost()'><b>depositMetAccountOpeningPost</b><br>Test class: api.DepositApiTest</td>
<td></td>
<td>0</td>
<td>api.DepositApiTest@351d0846</td></tr>
<tr>
<td title='api.DepositApiTest.depositSavingAccountOpeningPost()'><b>depositSavingAccountOpeningPost</b><br>Test class: api.DepositApiTest</td>
<td></td>
<td>2</td>
<td>api.DepositApiTest@351d0846</td></tr>
<tr>
<td title='api.DepositApiTest.depositTdAccountOpeningPost()'><b>depositTdAccountOpeningPost</b><br>Test class: api.DepositApiTest</td>
<td></td>
<td>0</td>
<td>api.DepositApiTest@351d0846</td></tr>
<tr>
<td title='api.DepositApiTest.depositTermDepositAllEnquiryCustomerNumberGet()'><b>depositTermDepositAllEnquiryCustomerNumberGet</b><br>Test class: api.DepositApiTest</td>
<td></td>
<td>0</td>
<td>api.DepositApiTest@351d0846</td></tr>
<tr>
<td title='api.DepositApiTest.depositTermDepositAllTermDepositGet()'><b>depositTermDepositAllTermDepositGet</b><br>Test class: api.DepositApiTest</td>
<td></td>
<td>1</td>
<td>api.DepositApiTest@351d0846</td></tr>
<tr>
<td title='api.DepositApiTest.depositTermDepositTermDepositApplicationPost()'><b>depositTermDepositTermDepositApplicationPost</b><br>Test class: api.DepositApiTest</td>
<td></td>
<td>1</td>
<td>api.DepositApiTest@351d0846</td></tr>
<tr>
<td title='api.DepositApiTest.depositTermDepositTermDepositEnquiryPost()'><b>depositTermDepositTermDepositEnquiryPost</b><br>Test class: api.DepositApiTest</td>
<td></td>
<td>0</td>
<td>api.DepositApiTest@351d0846</td></tr>
<tr>
<td title='api.DepositApiTest.depositTransactionChequeBookCreationPost()'><b>depositTransactionChequeBookCreationPost</b><br>Test class: api.DepositApiTest</td>
<td></td>
<td>0</td>
<td>api.DepositApiTest@351d0846</td></tr>
<tr>
<td title='api.DepositApiTest.depositTransactionDepositPost()'><b>depositTransactionDepositPost</b><br>Test class: api.DepositApiTest</td>
<td></td>
<td>0</td>
<td>api.DepositApiTest@351d0846</td></tr>
<tr>
<td title='api.DepositApiTest.depositTransactionTransferPost()'><b>depositTransactionTransferPost</b><br>Test class: api.DepositApiTest</td>
<td></td>
<td>1</td>
<td>api.DepositApiTest@351d0846</td></tr>
<tr>
<td title='api.DepositApiTest.depositVaccountAccountBalancePost()'><b>depositVaccountAccountBalancePost</b><br>Test class: api.DepositApiTest</td>
<td></td>
<td>0</td>
<td>api.DepositApiTest@351d0846</td></tr>
<tr>
<td title='api.DepositApiTest.depositVaccountAccountNumberExistsPost()'><b>depositVaccountAccountNumberExistsPost</b><br>Test class: api.DepositApiTest</td>
<td></td>
<td>1</td>
<td>api.DepositApiTest@351d0846</td></tr>
<tr>
<td title='api.DepositApiTest.depositVaccountAmountFormatPost()'><b>depositVaccountAmountFormatPost</b><br>Test class: api.DepositApiTest</td>
<td></td>
<td>6</td>
<td>api.DepositApiTest@351d0846</td></tr>
<tr>
<td title='api.DepositApiTest.depositVaccountAssociatedAccountsPost()'><b>depositVaccountAssociatedAccountsPost</b><br>Test class: api.DepositApiTest</td>
<td></td>
<td>0</td>
<td>api.DepositApiTest@351d0846</td></tr>
<tr>
<td title='api.DepositApiTest.depositVaccountCurAccountTypePost()'><b>depositVaccountCurAccountTypePost</b><br>Test class: api.DepositApiTest</td>
<td></td>
<td>0</td>
<td>api.DepositApiTest@351d0846</td></tr>
<tr>
<td title='api.DepositApiTest.depositVaccountCurrencyGet()'><b>depositVaccountCurrencyGet</b><br>Test class: api.DepositApiTest</td>
<td></td>
<td>0</td>
<td>api.DepositApiTest@351d0846</td></tr>
<tr>
<td title='api.DepositApiTest.depositVaccountFexAccountTypePost()'><b>depositVaccountFexAccountTypePost</b><br>Test class: api.DepositApiTest</td>
<td></td>
<td>0</td>
<td>api.DepositApiTest@351d0846</td></tr>
<tr>
<td title='api.DepositApiTest.depositVaccountFundAccountTypePost()'><b>depositVaccountFundAccountTypePost</b><br>Test class: api.DepositApiTest</td>
<td></td>
<td>0</td>
<td>api.DepositApiTest@351d0846</td></tr>
<tr>
<td title='api.DepositApiTest.depositVaccountMetAccountTypePost()'><b>depositVaccountMetAccountTypePost</b><br>Test class: api.DepositApiTest</td>
<td></td>
<td>0</td>
<td>api.DepositApiTest@351d0846</td></tr>
<tr>
<td title='api.DepositApiTest.depositVaccountSavOrCurTypePost()'><b>depositVaccountSavOrCurTypePost</b><br>Test class: api.DepositApiTest</td>
<td></td>
<td>0</td>
<td>api.DepositApiTest@351d0846</td></tr>
<tr>
<td title='api.DepositApiTest.depositVaccountStockAccountTypePost()'><b>depositVaccountStockAccountTypePost</b><br>Test class: api.DepositApiTest</td>
<td></td>
<td>0</td>
<td>api.DepositApiTest@351d0846</td></tr>
<tr>
<td title='api.DepositApiTest.depositVaccountTdAccountTypePost()'><b>depositVaccountTdAccountTypePost</b><br>Test class: api.DepositApiTest</td>
<td></td>
<td>0</td>
<td>api.DepositApiTest@351d0846</td></tr>
<tr>
<td title='api.DepositApiTest.depositVcustomerEmailFormatPost()'><b>depositVcustomerEmailFormatPost</b><br>Test class: api.DepositApiTest</td>
<td></td>
<td>0</td>
<td>api.DepositApiTest@351d0846</td></tr>
<tr>
<td title='api.DepositApiTest.depositVcustomerExistingCustomerGet()'><b>depositVcustomerExistingCustomerGet</b><br>Test class: api.DepositApiTest</td>
<td></td>
<td>0</td>
<td>api.DepositApiTest@351d0846</td></tr>
<tr>
<td title='api.DepositApiTest.depositVcustomerIdFormatGet()'><b>depositVcustomerIdFormatGet</b><br>Test class: api.DepositApiTest</td>
<td></td>
<td>1</td>
<td>api.DepositApiTest@351d0846</td></tr>
<tr>
<td title='api.DepositApiTest.depositVcustomerPhoneNumberFormatGet()'><b>depositVcustomerPhoneNumberFormatGet</b><br>Test class: api.DepositApiTest</td>
<td></td>
<td>1</td>
<td>api.DepositApiTest@351d0846</td></tr>
<tr>
<td title='api.DepositApiTest.depositVtermDepositContractPeriodGet()'><b>depositVtermDepositContractPeriodGet</b><br>Test class: api.DepositApiTest</td>
<td></td>
<td>0</td>
<td>api.DepositApiTest@351d0846</td></tr>
<tr>
<td title='api.DepositApiTest.depositVtermDepositTdNumberExistsGet()'><b>depositVtermDepositTdNumberExistsGet</b><br>Test class: api.DepositApiTest</td>
<td></td>
<td>0</td>
<td>api.DepositApiTest@351d0846</td></tr>
<tr>
<td title='api.DepositApiTest.depositVtransactionTransTypeGet()'><b>depositVtransactionTransTypeGet</b><br>Test class: api.DepositApiTest</td>
<td></td>
<td>0</td>
<td>api.DepositApiTest@351d0846</td></tr>
<tr>
<td title='api.InvestmentApiTest.investmentFundAccountOpeningPost()'><b>investmentFundAccountOpeningPost</b><br>Test class: api.InvestmentApiTest</td>
<td></td>
<td>1</td>
<td>api.InvestmentApiTest@35fc6dc4</td></tr>
<tr>
<td title='api.InvestmentApiTest.investmentFundQuotationGet()'><b>investmentFundQuotationGet</b><br>Test class: api.InvestmentApiTest</td>
<td></td>
<td>0</td>
<td>api.InvestmentApiTest@35fc6dc4</td></tr>
<tr>
<td title='api.InvestmentApiTest.investmentHoldingEnquiryPost()'><b>investmentHoldingEnquiryPost</b><br>Test class: api.InvestmentApiTest</td>
<td></td>
<td>0</td>
<td>api.InvestmentApiTest@35fc6dc4</td></tr>
<tr>
<td title='api.InvestmentApiTest.investmentOrderDetailRetrievalsByIdPost()'><b>investmentOrderDetailRetrievalsByIdPost</b><br>Test class: api.InvestmentApiTest</td>
<td></td>
<td>1</td>
<td>api.InvestmentApiTest@35fc6dc4</td></tr>
<tr>
<td title='api.InvestmentApiTest.investmentOrderPlacingPost()'><b>investmentOrderPlacingPost</b><br>Test class: api.InvestmentApiTest</td>
<td></td>
<td>1</td>
<td>api.InvestmentApiTest@35fc6dc4</td></tr>
<tr>
<td title='api.InvestmentApiTest.investmentRedemptionPost()'><b>investmentRedemptionPost</b><br>Test class: api.InvestmentApiTest</td>
<td></td>
<td>1</td>
<td>api.InvestmentApiTest@35fc6dc4</td></tr>
<tr>
<td title='api.InvestmentApiTest.investmentSettlementAccountUpdatePost()'><b>investmentSettlementAccountUpdatePost</b><br>Test class: api.InvestmentApiTest</td>
<td></td>
<td>1</td>
<td>api.InvestmentApiTest@35fc6dc4</td></tr>
<tr>
<td title='api.InvestmentApiTest.investmentStkAccountOpeningPost()'><b>investmentStkAccountOpeningPost</b><br>Test class: api.InvestmentApiTest</td>
<td></td>
<td>0</td>
<td>api.InvestmentApiTest@35fc6dc4</td></tr>
<tr>
<td title='api.InvestmentApiTest.investmentStockListGet()'><b>investmentStockListGet</b><br>Test class: api.InvestmentApiTest</td>
<td></td>
<td>2</td>
<td>api.InvestmentApiTest@35fc6dc4</td></tr>
<tr>
<td title='api.InvestmentApiTest.investmentStockQuotationPost()'><b>investmentStockQuotationPost</b><br>Test class: api.InvestmentApiTest</td>
<td></td>
<td>0</td>
<td>api.InvestmentApiTest@35fc6dc4</td></tr>
<tr>
<td title='api.InvestmentApiTest.investmentSubscriptionPost()'><b>investmentSubscriptionPost</b><br>Test class: api.InvestmentApiTest</td>
<td></td>
<td>1</td>
<td>api.InvestmentApiTest@35fc6dc4</td></tr>
<tr>
<td title='api.LoanApiTest.leonMortageAccountDetailEnquiryPost()'><b>leonMortageAccountDetailEnquiryPost</b><br>Test class: api.LoanApiTest</td>
<td></td>
<td>1</td>
<td>api.LoanApiTest@7fe8ea47</td></tr>
<tr>
<td title='api.LoanApiTest.leonMortageLoanCalculaterPost()'><b>leonMortageLoanCalculaterPost</b><br>Test class: api.LoanApiTest</td>
<td></td>
<td>1</td>
<td>api.LoanApiTest@7fe8ea47</td></tr>
<tr>
<td title='api.LoanApiTest.leonMortageMortgageLoanAccountOpeningPost()'><b>leonMortageMortgageLoanAccountOpeningPost</b><br>Test class: api.LoanApiTest</td>
<td></td>
<td>1</td>
<td>api.LoanApiTest@7fe8ea47</td></tr>
<tr>
<td title='api.LoanApiTest.leonMortageMortgageLoanApplicationPost()'><b>leonMortageMortgageLoanApplicationPost</b><br>Test class: api.LoanApiTest</td>
<td></td>
<td>1</td>
<td>api.LoanApiTest@7fe8ea47</td></tr>
<tr>
<td title='api.LoanApiTest.leonMortageNextRepaymentEnquiryPost()'><b>leonMortageNextRepaymentEnquiryPost</b><br>Test class: api.LoanApiTest</td>
<td></td>
<td>0</td>
<td>api.LoanApiTest@7fe8ea47</td></tr>
<tr>
<td title='api.LoanApiTest.leonMortageRepaymentPlanPost()'><b>leonMortageRepaymentPlanPost</b><br>Test class: api.LoanApiTest</td>
<td></td>
<td>1</td>
<td>api.LoanApiTest@7fe8ea47</td></tr>
<tr>
<td title='api.LoanApiTest.leonMortageTransactionEnquiryPost()'><b>leonMortageTransactionEnquiryPost</b><br>Test class: api.LoanApiTest</td>
<td></td>
<td>1</td>
<td>api.LoanApiTest@7fe8ea47</td></tr>
<tr>
<td title='api.CreditCardApiTest.merchantMerchantEnquiryGet()'><b>merchantMerchantEnquiryGet</b><br>Test class: api.CreditCardApiTest</td>
<td></td>
<td>0</td>
<td>api.CreditCardApiTest@4461c7e3</td></tr>
<tr>
<td title='api.CreditCardApiTest.merchantTransactionsPost()'><b>merchantTransactionsPost</b><br>Test class: api.CreditCardApiTest</td>
<td></td>
<td>1</td>
<td>api.CreditCardApiTest@4461c7e3</td></tr>
<tr>
<td title='api.SysadminApiTest.sysadminAdminControllerLoginInPost()'><b>sysadminAdminControllerLoginInPost</b><br>Test class: api.SysadminApiTest</td>
<td></td>
<td>0</td>
<td>api.SysadminApiTest@226a82c4</td></tr>
<tr>
<td title='api.SysadminApiTest.sysadminAuthorityControllerAppDockerForDeveloperPost()'><b>sysadminAuthorityControllerAppDockerForDeveloperPost</b><br>Test class: api.SysadminApiTest</td>
<td></td>
<td>0</td>
<td>api.SysadminApiTest@226a82c4</td></tr>
<tr>
<td title='api.SysadminApiTest.sysadminAuthorityControllerDeveloperAuthorizationPost()'><b>sysadminAuthorityControllerDeveloperAuthorizationPost</b><br>Test class: api.SysadminApiTest</td>
<td></td>
<td>0</td>
<td>api.SysadminApiTest@226a82c4</td></tr>
<tr>
<td title='api.SysadminApiTest.sysadminAuthorityControllerGetSandBoxPost()'><b>sysadminAuthorityControllerGetSandBoxPost</b><br>Test class: api.SysadminApiTest</td>
<td></td>
<td>0</td>
<td>api.SysadminApiTest@226a82c4</td></tr>
<tr>
<td title='api.SysadminApiTest.sysadminBranchCodeSearchControllerGetBranchCodeTableGet()'><b>sysadminBranchCodeSearchControllerGetBranchCodeTableGet</b><br>Test class: api.SysadminApiTest</td>
<td></td>
<td>0</td>
<td>api.SysadminApiTest@226a82c4</td></tr>
<tr>
<td title='api.SysadminApiTest.sysadminCurrencyControllerCurrencyRetrievalGet()'><b>sysadminCurrencyControllerCurrencyRetrievalGet</b><br>Test class: api.SysadminApiTest</td>
<td></td>
<td>0</td>
<td>api.SysadminApiTest@226a82c4</td></tr>
<tr>
<td title='api.SysadminApiTest.sysadminGenerateAvailableControllerlGetNextAvailableNumberGet()'><b>sysadminGenerateAvailableControllerlGetNextAvailableNumberGet</b><br>Test class: api.SysadminApiTest</td>
<td></td>
<td>1</td>
<td>api.SysadminApiTest@226a82c4</td></tr>
<tr>
<td title='api.SysadminApiTest.sysadminLoginControllerAuthorizeGet()'><b>sysadminLoginControllerAuthorizeGet</b><br>Test class: api.SysadminApiTest</td>
<td></td>
<td>0</td>
<td>api.SysadminApiTest@226a82c4</td></tr>
<tr>
<td title='api.SysadminApiTest.sysadminLoginControllerLoginInPost()'><b>sysadminLoginControllerLoginInPost</b><br>Test class: api.SysadminApiTest</td>
<td></td>
<td>0</td>
<td>api.SysadminApiTest@226a82c4</td></tr>
<tr>
<td title='api.SysadminApiTest.sysadminSandBoxSearchControllerGetSandBoxTableGet()'><b>sysadminSandBoxSearchControllerGetSandBoxTableGet</b><br>Test class: api.SysadminApiTest</td>
<td></td>
<td>0</td>
<td>api.SysadminApiTest@226a82c4</td></tr>
<tr>
<td title='api.SysadminApiTest.sysadminSandBoxSearchControllerGetSandBoxTableInfoPost()'><b>sysadminSandBoxSearchControllerGetSandBoxTableInfoPost</b><br>Test class: api.SysadminApiTest</td>
<td></td>
<td>1</td>
<td>api.SysadminApiTest@226a82c4</td></tr>
<tr>
<td title='api.SysadminApiTest.sysadminSysConfigControllerGetSystemParameterPost()'><b>sysadminSysConfigControllerGetSystemParameterPost</b><br>Test class: api.SysadminApiTest</td>
<td></td>
<td>0</td>
<td>api.SysadminApiTest@226a82c4</td></tr>
<tr>
<td title='api.CreditCardApiTest.vpointMerchantCategoryPost()'><b>vpointMerchantCategoryPost</b><br>Test class: api.CreditCardApiTest</td>
<td></td>
<td>0</td>
<td>api.CreditCardApiTest@4461c7e3</td></tr>
<tr>
<td title='api.CreditCardApiTest.vpointNumberPost()'><b>vpointNumberPost</b><br>Test class: api.CreditCardApiTest</td>
<td></td>
<td>0</td>
<td>api.CreditCardApiTest@4461c7e3</td></tr>
</table><p>
<table width='100%' border='1' class='invocation-skipped'>
<tr><td colspan='4' align='center'><b>SKIPPED TESTS</b></td></tr>
<tr><td><b>Test method</b></td>
<td width="30%"><b>Exception</b></td>
<td width="10%"><b>Time (seconds)</b></td>
<td><b>Instance</b></td>
</tr>
<tr>
<td title='api.InvestmentApiTest.investmentCancellationPost()'><b>investmentCancellationPost</b><br>Test class: api.InvestmentApiTest</td>
<td><div><pre>java.lang.Throwable: Method InvestmentApiTest.investmentCancellationPost()[pri:0, instance:api.InvestmentApiTest@35fc6dc4] depends on not successfully finished methods
	at java.base/java.util.concurrent.FutureTask.run(FutureTask.java:264)
	at java.base/java.util.concurrent.ThreadPoolExecutor.runWorker(ThreadPoolExecutor.java:1128)
	at java.base/java.util.concurrent.ThreadPoolExecutor$Worker.run(ThreadPoolExecutor.java:628)
	at java.base/java.lang.Thread.run(Thread.java:835)
... Removed 9 stack frames</pre></div><a href='#' onClick='toggleBox("stack-trace1007236909", this, "Click to show all stack frames", "Click to hide stack frames")'>Click to show all stack frames</a>
<div class='stack-trace' id='stack-trace1007236909'><pre>java.lang.Throwable: Method InvestmentApiTest.investmentCancellationPost()[pri:0, instance:api.InvestmentApiTest@35fc6dc4] depends on not successfully finished methods
	at org.testng.internal.Invoker.invokeTestMethods(Invoker.java:888)
	at org.testng.internal.TestMethodWorker.invokeTestMethods(TestMethodWorker.java:125)
	at org.testng.internal.TestMethodWorker.run(TestMethodWorker.java:109)
	at org.testng.TestRunner.privateRun(TestRunner.java:648)
	at org.testng.TestRunner.run(TestRunner.java:505)
	at org.testng.SuiteRunner.runTest(SuiteRunner.java:455)
	at org.testng.SuiteRunner.access$000(SuiteRunner.java:40)
	at org.testng.SuiteRunner$SuiteWorker.run(SuiteRunner.java:489)
	at org.testng.internal.thread.ThreadUtil$1.call(ThreadUtil.java:52)
	at java.base/java.util.concurrent.FutureTask.run(FutureTask.java:264)
	at java.base/java.util.concurrent.ThreadPoolExecutor.runWorker(ThreadPoolExecutor.java:1128)
	at java.base/java.util.concurrent.ThreadPoolExecutor$Worker.run(ThreadPoolExecutor.java:628)
	at java.base/java.lang.Thread.run(Thread.java:835)
</pre></div></td>
<td>0</td>
<td>null</td></tr>
<tr>
<td title='api.InvestmentApiTest.investmentOrderInfoUpdatePost()'><b>investmentOrderInfoUpdatePost</b><br>Test class: api.InvestmentApiTest</td>
<td><div><pre>java.lang.Throwable: Method InvestmentApiTest.investmentOrderInfoUpdatePost()[pri:0, instance:api.InvestmentApiTest@35fc6dc4] depends on not successfully finished methods
	at java.base/java.util.concurrent.FutureTask.run(FutureTask.java:264)
	at java.base/java.util.concurrent.ThreadPoolExecutor.runWorker(ThreadPoolExecutor.java:1128)
	at java.base/java.util.concurrent.ThreadPoolExecutor$Worker.run(ThreadPoolExecutor.java:628)
	at java.base/java.lang.Thread.run(Thread.java:835)
... Removed 9 stack frames</pre></div><a href='#' onClick='toggleBox("stack-trace547820710", this, "Click to show all stack frames", "Click to hide stack frames")'>Click to show all stack frames</a>
<div class='stack-trace' id='stack-trace547820710'><pre>java.lang.Throwable: Method InvestmentApiTest.investmentOrderInfoUpdatePost()[pri:0, instance:api.InvestmentApiTest@35fc6dc4] depends on not successfully finished methods
	at org.testng.internal.Invoker.invokeTestMethods(Invoker.java:888)
	at org.testng.internal.TestMethodWorker.invokeTestMethods(TestMethodWorker.java:125)
	at org.testng.internal.TestMethodWorker.run(TestMethodWorker.java:109)
	at org.testng.TestRunner.privateRun(TestRunner.java:648)
	at org.testng.TestRunner.run(TestRunner.java:505)
	at org.testng.SuiteRunner.runTest(SuiteRunner.java:455)
	at org.testng.SuiteRunner.access$000(SuiteRunner.java:40)
	at org.testng.SuiteRunner$SuiteWorker.run(SuiteRunner.java:489)
	at org.testng.internal.thread.ThreadUtil$1.call(ThreadUtil.java:52)
	at java.base/java.util.concurrent.FutureTask.run(FutureTask.java:264)
	at java.base/java.util.concurrent.ThreadPoolExecutor.runWorker(ThreadPoolExecutor.java:1128)
	at java.base/java.util.concurrent.ThreadPoolExecutor$Worker.run(ThreadPoolExecutor.java:628)
	at java.base/java.lang.Thread.run(Thread.java:835)
</pre></div></td>
<td>0</td>
<td>null</td></tr>
<tr>
<td title='api.LoanApiTest.leonMortageRepaymentPost()'><b>leonMortageRepaymentPost</b><br>Test class: api.LoanApiTest</td>
<td><div><pre>java.lang.Throwable: Method LoanApiTest.leonMortageRepaymentPost()[pri:0, instance:api.LoanApiTest@7fe8ea47] depends on not successfully finished methods
	at java.base/java.util.concurrent.FutureTask.run(FutureTask.java:264)
	at java.base/java.util.concurrent.ThreadPoolExecutor.runWorker(ThreadPoolExecutor.java:1128)
	at java.base/java.util.concurrent.ThreadPoolExecutor$Worker.run(ThreadPoolExecutor.java:628)
	at java.base/java.lang.Thread.run(Thread.java:835)
... Removed 9 stack frames</pre></div><a href='#' onClick='toggleBox("stack-trace168204253", this, "Click to show all stack frames", "Click to hide stack frames")'>Click to show all stack frames</a>
<div class='stack-trace' id='stack-trace168204253'><pre>java.lang.Throwable: Method LoanApiTest.leonMortageRepaymentPost()[pri:0, instance:api.LoanApiTest@7fe8ea47] depends on not successfully finished methods
	at org.testng.internal.Invoker.invokeTestMethods(Invoker.java:888)
	at org.testng.internal.TestMethodWorker.invokeTestMethods(TestMethodWorker.java:125)
	at org.testng.internal.TestMethodWorker.run(TestMethodWorker.java:109)
	at org.testng.TestRunner.privateRun(TestRunner.java:648)
	at org.testng.TestRunner.run(TestRunner.java:505)
	at org.testng.SuiteRunner.runTest(SuiteRunner.java:455)
	at org.testng.SuiteRunner.access$000(SuiteRunner.java:40)
	at org.testng.SuiteRunner$SuiteWorker.run(SuiteRunner.java:489)
	at org.testng.internal.thread.ThreadUtil$1.call(ThreadUtil.java:52)
	at java.base/java.util.concurrent.FutureTask.run(FutureTask.java:264)
	at java.base/java.util.concurrent.ThreadPoolExecutor.runWorker(ThreadPoolExecutor.java:1128)
	at java.base/java.util.concurrent.ThreadPoolExecutor$Worker.run(ThreadPoolExecutor.java:628)
	at java.base/java.lang.Thread.run(Thread.java:835)
</pre></div></td>
<td>0</td>
<td>null</td></tr>
</table><p>
</body>
</html>