<?xml version="1.0" encoding="UTF-8"?>
<!-- Generated by org.testng.reporters.JUnitXMLReporter -->
<testsuite ignored="3" hostname="LAPTOP-D2BFLFER" failures="8" tests="98" name="TestName" time="114.212" errors="0" timestamp="20 8æœˆ 2019 07:15:38 GMT">
  <testcase classname="api.CreditCardApiTest" name="creditCardAccountOpeningPost" time="4.54"/>
  <testcase classname="api.CreditCardApiTest" name="creditCardCanCellationPost" time="1.984"/>
  <testcase classname="api.CreditCardApiTest" name="creditCardCreditLimitDetailsPost" time="2.704"/>
  <testcase classname="api.CreditCardApiTest" name="creditCardLimitDecreasePost" time="1.044"/>
  <testcase classname="api.CreditCardApiTest" name="creditCardLimitIncreasePost" time="0.89"/>
  <testcase classname="api.CreditCardApiTest" name="creditCardLossReportingPost" time="1.956"/>
  <testcase classname="api.CreditCardApiTest" name="creditCardNumberValidationPost" time="0.769"/>
  <testcase classname="api.CreditCardApiTest" name="creditCardPaymentCreditCardRepeymentPost" time="1.282"/>
  <testcase classname="api.CreditCardApiTest" name="creditCardPaymentOutstandingPaymentPost" time="1.614"/>
  <testcase classname="api.CreditCardApiTest" name="creditCardPaymentProductEnquiryPost" time="1.869"/>
  <testcase classname="api.CreditCardApiTest" name="creditCardPaymentRedemptionHistoryPost" time="1.138"/>
  <testcase classname="api.CreditCardApiTest" name="creditCardPaymentRedemptionPost" time="0.818">
    <failure type="java.lang.AssertionError" message="1 expectation failed.
Expected status code &amp;lt;200&amp;gt; but was &amp;lt;500&amp;gt;.
">
      <![CDATA[java.lang.AssertionError: 1 expectation failed.
Expected status code <200> but was <500>.

at org.codehaus.groovy.runtime.callsite.ConstructorSite$ConstructorSiteNoUnwrap.callConstructor(ConstructorSite.java:84)
at org.codehaus.groovy.runtime.callsite.CallSiteArray.defaultCallConstructor(CallSiteArray.java:59)
at org.codehaus.groovy.runtime.callsite.AbstractCallSite.callConstructor(AbstractCallSite.java:238)
at org.codehaus.groovy.runtime.callsite.AbstractCallSite.callConstructor(AbstractCallSite.java:250)
at io.restassured.internal.ResponseSpecificationImpl$HamcrestAssertionClosure.validate(ResponseSpecificationImpl.groovy:494)
at io.restassured.internal.ResponseSpecificationImpl$HamcrestAssertionClosure$validate$1.call(Unknown Source)
at io.restassured.internal.ResponseSpecificationImpl.validateResponseIfRequired(ResponseSpecificationImpl.groovy:656)
at org.codehaus.groovy.runtime.callsite.PogoMetaMethodSite$PogoCachedMethodSiteNoUnwrapNoCoerce.invoke(PogoMetaMethodSite.java:210)
at org.codehaus.groovy.runtime.callsite.PogoMetaMethodSite.callCurrent(PogoMetaMethodSite.java:59)
at org.codehaus.groovy.runtime.callsite.AbstractCallSite.callCurrent(AbstractCallSite.java:169)
at io.restassured.internal.ResponseSpecificationImpl.statusCode(ResponseSpecificationImpl.groovy:125)
at io.restassured.specification.ResponseSpecification$statusCode$0.callCurrent(Unknown Source)
at io.restassured.internal.ResponseSpecificationImpl.statusCode(ResponseSpecificationImpl.groovy:133)
at io.restassured.internal.ValidatableResponseOptionsImpl.statusCode(ValidatableResponseOptionsImpl.java:119)
at api.CreditCardApiTest.creditCardPaymentRedemptionPost(CreditCardApiTest.java:194)
at java.base/java.util.concurrent.FutureTask.run(FutureTask.java:264)
at java.base/java.util.concurrent.ThreadPoolExecutor.runWorker(ThreadPoolExecutor.java:1128)
at java.base/java.util.concurrent.ThreadPoolExecutor$Worker.run(ThreadPoolExecutor.java:628)
at java.base/java.lang.Thread.run(Thread.java:835)
... Removed 26 stack frames]]>
    </failure>
  </testcase> <!-- creditCardPaymentRedemptionPost -->
  <testcase classname="api.CreditCardApiTest" name="creditCardPaymentTotalPointPost" time="0.733"/>
  <testcase classname="api.CreditCardApiTest" name="creditCardTransactiontRansactionDetailsPost" time="0.816"/>
  <testcase classname="api.CreditCardApiTest" name="creditCardTransactiontTransactionPostingPost" time="0.864"/>
  <testcase classname="api.CreditCardApiTest" name="merchantMerchantEnquiryGet" time="0.834"/>
  <testcase classname="api.CreditCardApiTest" name="merchantTransactionsPost" time="1.563"/>
  <testcase classname="api.CreditCardApiTest" name="vpointMerchantCategoryPost" time="0.703"/>
  <testcase classname="api.CreditCardApiTest" name="vpointNumberPost" time="0.68"/>
  <testcase classname="api.DepositApiTest" name="depositAccountEnquiryAccountDetailsGet" time="1.022"/>
  <testcase classname="api.DepositApiTest" name="depositAccountEnquiryAllAccountGet" time="4.123"/>
  <testcase classname="api.DepositApiTest" name="depositAccountEnquiryPost" time="0.999"/>
  <testcase classname="api.DepositApiTest" name="depositAccountMaintenanceAccountClosureGet" time="0.836"/>
  <testcase classname="api.DepositApiTest" name="depositAccountOpeningAccountCreationPost" time="0.992"/>
  <testcase classname="api.DepositApiTest" name="depositCurrentAccountOpeningPost" time="0.796"/>
  <testcase classname="api.DepositApiTest" name="depositCusMainCustContactInfoUpdatePost" time="0.752"/>
  <testcase classname="api.DepositApiTest" name="depositCusMainCustomerCreationPost" time="0.838"/>
  <testcase classname="api.DepositApiTest" name="depositFeAccountOpeningPost" time="1.168"/>
  <testcase classname="api.DepositApiTest" name="depositMetAccountOpeningPost" time="0.821"/>
  <testcase classname="api.DepositApiTest" name="depositSavingAccountOpeningPost" time="2.159"/>
  <testcase classname="api.DepositApiTest" name="depositTdAccountOpeningPost" time="0.854"/>
  <testcase classname="api.DepositApiTest" name="depositTermDepositAllEnquiryCustomerNumberGet" time="0.762"/>
  <testcase classname="api.DepositApiTest" name="depositTermDepositAllTermDepositGet" time="1.048"/>
  <testcase classname="api.DepositApiTest" name="depositTermDepositTermDepositApplicationPost" time="1.024"/>
  <testcase classname="api.DepositApiTest" name="depositTermDepositTermDepositDrawDownPost" time="0.79">
    <failure type="java.lang.AssertionError" message="1 expectation failed.
Expected status code &amp;lt;200&amp;gt; but was &amp;lt;404&amp;gt;.
">
      <![CDATA[java.lang.AssertionError: 1 expectation failed.
Expected status code <200> but was <404>.

at org.codehaus.groovy.runtime.callsite.ConstructorSite$ConstructorSiteNoUnwrap.callConstructor(ConstructorSite.java:84)
at org.codehaus.groovy.runtime.callsite.AbstractCallSite.callConstructor(AbstractCallSite.java:250)
at io.restassured.internal.ResponseSpecificationImpl$HamcrestAssertionClosure.validate(ResponseSpecificationImpl.groovy:494)
at io.restassured.internal.ResponseSpecificationImpl$HamcrestAssertionClosure$validate$1.call(Unknown Source)
at io.restassured.internal.ResponseSpecificationImpl.validateResponseIfRequired(ResponseSpecificationImpl.groovy:656)
at org.codehaus.groovy.runtime.callsite.PogoMetaMethodSite$PogoCachedMethodSiteNoUnwrapNoCoerce.invoke(PogoMetaMethodSite.java:210)
at org.codehaus.groovy.runtime.callsite.PogoMetaMethodSite.callCurrent(PogoMetaMethodSite.java:59)
at org.codehaus.groovy.runtime.callsite.AbstractCallSite.callCurrent(AbstractCallSite.java:169)
at io.restassured.internal.ResponseSpecificationImpl.statusCode(ResponseSpecificationImpl.groovy:125)
at io.restassured.specification.ResponseSpecification$statusCode$0.callCurrent(Unknown Source)
at io.restassured.internal.ResponseSpecificationImpl.statusCode(ResponseSpecificationImpl.groovy:133)
at io.restassured.internal.ValidatableResponseOptionsImpl.statusCode(ValidatableResponseOptionsImpl.java:119)
at api.DepositApiTest.depositTermDepositTermDepositDrawDownPost(DepositApiTest.java:226)
at java.base/java.util.concurrent.FutureTask.run(FutureTask.java:264)
at java.base/java.util.concurrent.ThreadPoolExecutor.runWorker(ThreadPoolExecutor.java:1128)
at java.base/java.util.concurrent.ThreadPoolExecutor$Worker.run(ThreadPoolExecutor.java:628)
at java.base/java.lang.Thread.run(Thread.java:835)
... Removed 26 stack frames]]>
    </failure>
  </testcase> <!-- depositTermDepositTermDepositDrawDownPost -->
  <testcase classname="api.DepositApiTest" name="depositTermDepositTermDepositEnquiryPost" time="0.75"/>
  <testcase classname="api.DepositApiTest" name="depositTermDepositTermDepositRenewalPost" time="0.822">
    <failure type="java.lang.AssertionError" message="1 expectation failed.
Expected status code &amp;lt;200&amp;gt; but was &amp;lt;404&amp;gt;.
">
      <![CDATA[java.lang.AssertionError: 1 expectation failed.
Expected status code <200> but was <404>.

at org.codehaus.groovy.runtime.callsite.ConstructorSite$ConstructorSiteNoUnwrap.callConstructor(ConstructorSite.java:84)
at org.codehaus.groovy.runtime.callsite.AbstractCallSite.callConstructor(AbstractCallSite.java:250)
at io.restassured.internal.ResponseSpecificationImpl$HamcrestAssertionClosure.validate(ResponseSpecificationImpl.groovy:494)
at io.restassured.internal.ResponseSpecificationImpl$HamcrestAssertionClosure$validate$1.call(Unknown Source)
at io.restassured.internal.ResponseSpecificationImpl.validateResponseIfRequired(ResponseSpecificationImpl.groovy:656)
at org.codehaus.groovy.runtime.callsite.PogoMetaMethodSite$PogoCachedMethodSiteNoUnwrapNoCoerce.invoke(PogoMetaMethodSite.java:210)
at org.codehaus.groovy.runtime.callsite.PogoMetaMethodSite.callCurrent(PogoMetaMethodSite.java:59)
at org.codehaus.groovy.runtime.callsite.AbstractCallSite.callCurrent(AbstractCallSite.java:169)
at io.restassured.internal.ResponseSpecificationImpl.statusCode(ResponseSpecificationImpl.groovy:125)
at io.restassured.specification.ResponseSpecification$statusCode$0.callCurrent(Unknown Source)
at io.restassured.internal.ResponseSpecificationImpl.statusCode(ResponseSpecificationImpl.groovy:133)
at io.restassured.internal.ValidatableResponseOptionsImpl.statusCode(ValidatableResponseOptionsImpl.java:119)
at api.DepositApiTest.depositTermDepositTermDepositRenewalPost(DepositApiTest.java:248)
at java.base/java.util.concurrent.FutureTask.run(FutureTask.java:264)
at java.base/java.util.concurrent.ThreadPoolExecutor.runWorker(ThreadPoolExecutor.java:1128)
at java.base/java.util.concurrent.ThreadPoolExecutor$Worker.run(ThreadPoolExecutor.java:628)
at java.base/java.lang.Thread.run(Thread.java:835)
... Removed 26 stack frames]]>
    </failure>
  </testcase> <!-- depositTermDepositTermDepositRenewalPost -->
  <testcase classname="api.DepositApiTest" name="depositTransactionChequeBookCreationPost" time="0.705"/>
  <testcase classname="api.DepositApiTest" name="depositTransactionDepositPost" time="0.876"/>
  <testcase classname="api.DepositApiTest" name="depositTransactionLogEnquiryPost" time="0.973">
    <failure type="java.lang.AssertionError" message="1 expectation failed.
Expected status code &amp;lt;200&amp;gt; but was &amp;lt;404&amp;gt;.
">
      <![CDATA[java.lang.AssertionError: 1 expectation failed.
Expected status code <200> but was <404>.

at org.codehaus.groovy.runtime.callsite.ConstructorSite$ConstructorSiteNoUnwrap.callConstructor(ConstructorSite.java:84)
at org.codehaus.groovy.runtime.callsite.AbstractCallSite.callConstructor(AbstractCallSite.java:250)
at io.restassured.internal.ResponseSpecificationImpl$HamcrestAssertionClosure.validate(ResponseSpecificationImpl.groovy:494)
at io.restassured.internal.ResponseSpecificationImpl$HamcrestAssertionClosure$validate$1.call(Unknown Source)
at io.restassured.internal.ResponseSpecificationImpl.validateResponseIfRequired(ResponseSpecificationImpl.groovy:656)
at org.codehaus.groovy.runtime.callsite.PogoMetaMethodSite$PogoCachedMethodSiteNoUnwrapNoCoerce.invoke(PogoMetaMethodSite.java:210)
at org.codehaus.groovy.runtime.callsite.PogoMetaMethodSite.callCurrent(PogoMetaMethodSite.java:59)
at org.codehaus.groovy.runtime.callsite.AbstractCallSite.callCurrent(AbstractCallSite.java:169)
at io.restassured.internal.ResponseSpecificationImpl.statusCode(ResponseSpecificationImpl.groovy:125)
at io.restassured.specification.ResponseSpecification$statusCode$0.callCurrent(Unknown Source)
at io.restassured.internal.ResponseSpecificationImpl.statusCode(ResponseSpecificationImpl.groovy:133)
at io.restassured.internal.ValidatableResponseOptionsImpl.statusCode(ValidatableResponseOptionsImpl.java:119)
at api.DepositApiTest.depositTransactionLogEnquiryPost(DepositApiTest.java:310)
at java.base/java.util.concurrent.FutureTask.run(FutureTask.java:264)
at java.base/java.util.concurrent.ThreadPoolExecutor.runWorker(ThreadPoolExecutor.java:1128)
at java.base/java.util.concurrent.ThreadPoolExecutor$Worker.run(ThreadPoolExecutor.java:628)
at java.base/java.lang.Thread.run(Thread.java:835)
... Removed 26 stack frames]]>
    </failure>
  </testcase> <!-- depositTransactionLogEnquiryPost -->
  <testcase classname="api.DepositApiTest" name="depositTransactionTransferPost" time="1.102"/>
  <testcase classname="api.DepositApiTest" name="depositTransactionWithdrawalPost" time="1.799">
    <failure type="java.lang.AssertionError" message="1 expectation failed.
Expected status code &amp;lt;200&amp;gt; but was &amp;lt;202&amp;gt;.
">
      <![CDATA[java.lang.AssertionError: 1 expectation failed.
Expected status code <200> but was <202>.

at org.codehaus.groovy.runtime.callsite.ConstructorSite$ConstructorSiteNoUnwrap.callConstructor(ConstructorSite.java:84)
at org.codehaus.groovy.runtime.callsite.AbstractCallSite.callConstructor(AbstractCallSite.java:250)
at io.restassured.internal.ResponseSpecificationImpl$HamcrestAssertionClosure.validate(ResponseSpecificationImpl.groovy:494)
at io.restassured.internal.ResponseSpecificationImpl$HamcrestAssertionClosure$validate$1.call(Unknown Source)
at io.restassured.internal.ResponseSpecificationImpl.validateResponseIfRequired(ResponseSpecificationImpl.groovy:656)
at org.codehaus.groovy.runtime.callsite.PogoMetaMethodSite$PogoCachedMethodSiteNoUnwrapNoCoerce.invoke(PogoMetaMethodSite.java:210)
at org.codehaus.groovy.runtime.callsite.PogoMetaMethodSite.callCurrent(PogoMetaMethodSite.java:59)
at org.codehaus.groovy.runtime.callsite.AbstractCallSite.callCurrent(AbstractCallSite.java:169)
at io.restassured.internal.ResponseSpecificationImpl.statusCode(ResponseSpecificationImpl.groovy:125)
at io.restassured.specification.ResponseSpecification$statusCode$0.callCurrent(Unknown Source)
at io.restassured.internal.ResponseSpecificationImpl.statusCode(ResponseSpecificationImpl.groovy:133)
at io.restassured.internal.ValidatableResponseOptionsImpl.statusCode(ValidatableResponseOptionsImpl.java:119)
at api.DepositApiTest.depositTransactionWithdrawalPost(DepositApiTest.java:295)
at java.base/java.util.concurrent.FutureTask.run(FutureTask.java:264)
at java.base/java.util.concurrent.ThreadPoolExecutor.runWorker(ThreadPoolExecutor.java:1128)
at java.base/java.util.concurrent.ThreadPoolExecutor$Worker.run(ThreadPoolExecutor.java:628)
at java.base/java.lang.Thread.run(Thread.java:835)
... Removed 26 stack frames]]>
    </failure>
  </testcase> <!-- depositTransactionWithdrawalPost -->
  <testcase classname="api.DepositApiTest" name="depositVaccountAccountBalancePost" time="0.744"/>
  <testcase classname="api.DepositApiTest" name="depositVaccountAccountNumberExistsPost" time="1.936"/>
  <testcase classname="api.DepositApiTest" name="depositVaccountAmountFormatPost" time="6.19"/>
  <testcase classname="api.DepositApiTest" name="depositVaccountAssociatedAccountsPost" time="0.734"/>
  <testcase classname="api.DepositApiTest" name="depositVaccountCurAccountTypePost" time="0.971"/>
  <testcase classname="api.DepositApiTest" name="depositVaccountCurrencyGet" time="0.865"/>
  <testcase classname="api.DepositApiTest" name="depositVaccountFexAccountTypePost" time="0.804"/>
  <testcase classname="api.DepositApiTest" name="depositVaccountFundAccountTypePost" time="0.763"/>
  <testcase classname="api.DepositApiTest" name="depositVaccountMetAccountTypePost" time="0.73"/>
  <testcase classname="api.DepositApiTest" name="depositVaccountSavOrCurTypePost" time="0.776"/>
  <testcase classname="api.DepositApiTest" name="depositVaccountStockAccountTypePost" time="0.698"/>
  <testcase classname="api.DepositApiTest" name="depositVaccountTdAccountTypePost" time="0.681"/>
  <testcase classname="api.DepositApiTest" name="depositVcustomerEmailFormatPost" time="0.823"/>
  <testcase classname="api.DepositApiTest" name="depositVcustomerExistingCustomerGet" time="0.925"/>
  <testcase classname="api.DepositApiTest" name="depositVcustomerIdFormatGet" time="1.859"/>
  <testcase classname="api.DepositApiTest" name="depositVcustomerPhoneNumberFormatGet" time="1.777"/>
  <testcase classname="api.DepositApiTest" name="depositVtermDepositContractPeriodGet" time="0.836"/>
  <testcase classname="api.DepositApiTest" name="depositVtermDepositTdNumberExistsGet" time="0.716"/>
  <testcase classname="api.DepositApiTest" name="depositVtransactionTransTypeGet" time="0.86"/>
  <testcase classname="api.ForeignExchangeApiTest" name="depositAccountEnquiryAccountDetailsGet" time="1.337"/>
  <testcase classname="api.InvestmentApiTest" name="investmentFundAccountOpeningPost" time="1.16"/>
  <testcase classname="api.InvestmentApiTest" name="investmentFundQuotationGet" time="0.77"/>
  <testcase classname="api.InvestmentApiTest" name="investmentHoldingEnquiryPost" time="0.867"/>
  <testcase classname="api.InvestmentApiTest" name="investmentOrderDetailRetrievalsByIdPost" time="1.964"/>
  <testcase classname="api.InvestmentApiTest" name="investmentOrderPlacingPost" time="1.102"/>
  <testcase classname="api.InvestmentApiTest" name="investmentSettlementAccountUpdatePost" time="1.042"/>
  <testcase classname="api.InvestmentApiTest" name="investmentStkAccountOpeningPost" time="0.783"/>
  <testcase classname="api.InvestmentApiTest" name="investmentSubscriptionPost" time="1.013"/>
  <testcase classname="api.InvestmentApiTest" name="investmentRedemptionPost" time="1.44"/>
  <testcase classname="api.InvestmentApiTest" name="investmentStockListGet" time="2.935"/>
  <testcase classname="api.InvestmentApiTest" name="investmentStockQuotationPost" time="0.847"/>
  <testcase classname="api.LoanApiTest" name="leonMortageAccountDetailEnquiryPost" time="1.225"/>
  <testcase classname="api.LoanApiTest" name="leonMortageLoanCalculaterPost" time="1.008"/>
  <testcase classname="api.LoanApiTest" name="leonMortageMortgageLoanAccountOpeningPost" time="1.224"/>
  <testcase classname="api.LoanApiTest" name="leonMortageMortgageLoanApplicationPost" time="1.077"/>
  <testcase classname="api.LoanApiTest" name="leonMortageNextRepaymentEnquiryPost" time="0.778"/>
  <testcase classname="api.LoanApiTest" name="leonMortageOverDueRepaymentEnquiryPost" time="0.717">
    <failure type="java.lang.AssertionError" message="1 expectation failed.
Expected status code &amp;lt;200&amp;gt; but was &amp;lt;404&amp;gt;.
">
      <![CDATA[java.lang.AssertionError: 1 expectation failed.
Expected status code <200> but was <404>.

at org.codehaus.groovy.runtime.callsite.ConstructorSite$ConstructorSiteNoUnwrap.callConstructor(ConstructorSite.java:84)
at org.codehaus.groovy.runtime.callsite.AbstractCallSite.callConstructor(AbstractCallSite.java:250)
at io.restassured.internal.ResponseSpecificationImpl$HamcrestAssertionClosure.validate(ResponseSpecificationImpl.groovy:494)
at io.restassured.internal.ResponseSpecificationImpl$HamcrestAssertionClosure$validate$1.call(Unknown Source)
at io.restassured.internal.ResponseSpecificationImpl.validateResponseIfRequired(ResponseSpecificationImpl.groovy:656)
at org.codehaus.groovy.runtime.callsite.PogoMetaMethodSite$PogoCachedMethodSiteNoUnwrapNoCoerce.invoke(PogoMetaMethodSite.java:210)
at org.codehaus.groovy.runtime.callsite.PogoMetaMethodSite.callCurrent(PogoMetaMethodSite.java:59)
at org.codehaus.groovy.runtime.callsite.AbstractCallSite.callCurrent(AbstractCallSite.java:169)
at io.restassured.internal.ResponseSpecificationImpl.statusCode(ResponseSpecificationImpl.groovy:125)
at io.restassured.specification.ResponseSpecification$statusCode$0.callCurrent(Unknown Source)
at io.restassured.internal.ResponseSpecificationImpl.statusCode(ResponseSpecificationImpl.groovy:133)
at io.restassured.internal.ValidatableResponseOptionsImpl.statusCode(ValidatableResponseOptionsImpl.java:119)
at api.LoanApiTest.leonMortageOverDueRepaymentEnquiryPost(LoanApiTest.java:111)
at java.base/java.util.concurrent.FutureTask.run(FutureTask.java:264)
at java.base/java.util.concurrent.ThreadPoolExecutor.runWorker(ThreadPoolExecutor.java:1128)
at java.base/java.util.concurrent.ThreadPoolExecutor$Worker.run(ThreadPoolExecutor.java:628)
at java.base/java.lang.Thread.run(Thread.java:835)
... Removed 26 stack frames]]>
    </failure>
  </testcase> <!-- leonMortageOverDueRepaymentEnquiryPost -->
  <testcase classname="api.LoanApiTest" name="leonMortageRepaymentPlanPost" time="1.126"/>
  <testcase classname="api.LoanApiTest" name="leonMortageTransactionEnquiryPost" time="1.054"/>
  <testcase classname="api.SysadminApiTest" name="sysadminAdminControllerLoginInPost" time="0.892"/>
  <testcase classname="api.SysadminApiTest" name="sysadminAuthorityControllerAppDockerForDeveloperPost" time="0.69"/>
  <testcase classname="api.SysadminApiTest" name="sysadminAuthorityControllerDeveloperAuthorizationPost" time="0.919"/>
  <testcase classname="api.SysadminApiTest" name="sysadminAuthorityControllerGetSandBoxPost" time="0.709"/>
  <testcase classname="api.SysadminApiTest" name="sysadminBranchCodeSearchControllerGetBranchCodeTableGet" time="0.738"/>
  <testcase classname="api.SysadminApiTest" name="sysadminCurrencyControllerCurrencyRetrievalGet" time="0.934"/>
  <testcase classname="api.SysadminApiTest" name="sysadminGenerateAvailableControllerlGetNextAvailableNumberGet" time="1.76"/>
  <testcase classname="api.SysadminApiTest" name="sysadminLoginControllerAuthorizeGet" time="0.984"/>
  <testcase classname="api.SysadminApiTest" name="sysadminLoginControllerLoginInPost" time="0.703"/>
  <testcase classname="api.SysadminApiTest" name="sysadminSandBoxSearchControllerGetSandBoxTableGet" time="0.711"/>
  <testcase classname="api.SysadminApiTest" name="sysadminSandBoxSearchControllerGetSandBoxTableInfoPost" time="1.029"/>
  <testcase classname="api.SysadminApiTest" name="sysadminSysConfigControllerGetSystemParameterPost" time="0.681"/>
  <testcase classname="api.InvestmentApiTest" name="investmentOrderRetrievalPost" time="1.27">
    <failure type="java.lang.AssertionError" message="1 expectation failed.
Expected status code &amp;lt;200&amp;gt; but was &amp;lt;404&amp;gt;.
">
      <![CDATA[java.lang.AssertionError: 1 expectation failed.
Expected status code <200> but was <404>.

at org.codehaus.groovy.runtime.callsite.ConstructorSite$ConstructorSiteNoUnwrap.callConstructor(ConstructorSite.java:84)
at org.codehaus.groovy.runtime.callsite.AbstractCallSite.callConstructor(AbstractCallSite.java:250)
at io.restassured.internal.ResponseSpecificationImpl$HamcrestAssertionClosure.validate(ResponseSpecificationImpl.groovy:494)
at io.restassured.internal.ResponseSpecificationImpl$HamcrestAssertionClosure$validate$1.call(Unknown Source)
at io.restassured.internal.ResponseSpecificationImpl.validateResponseIfRequired(ResponseSpecificationImpl.groovy:656)
at org.codehaus.groovy.runtime.callsite.PogoMetaMethodSite$PogoCachedMethodSiteNoUnwrapNoCoerce.invoke(PogoMetaMethodSite.java:210)
at org.codehaus.groovy.runtime.callsite.PogoMetaMethodSite.callCurrent(PogoMetaMethodSite.java:59)
at org.codehaus.groovy.runtime.callsite.AbstractCallSite.callCurrent(AbstractCallSite.java:169)
at io.restassured.internal.ResponseSpecificationImpl.statusCode(ResponseSpecificationImpl.groovy:125)
at io.restassured.specification.ResponseSpecification$statusCode$0.callCurrent(Unknown Source)
at io.restassured.internal.ResponseSpecificationImpl.statusCode(ResponseSpecificationImpl.groovy:133)
at io.restassured.internal.ValidatableResponseOptionsImpl.statusCode(ValidatableResponseOptionsImpl.java:119)
at api.InvestmentApiTest.investmentOrderRetrievalPost(InvestmentApiTest.java:134)
at java.base/java.util.concurrent.FutureTask.run(FutureTask.java:264)
at java.base/java.util.concurrent.ThreadPoolExecutor.runWorker(ThreadPoolExecutor.java:1128)
at java.base/java.util.concurrent.ThreadPoolExecutor$Worker.run(ThreadPoolExecutor.java:628)
at java.base/java.lang.Thread.run(Thread.java:835)
... Removed 26 stack frames]]>
    </failure>
  </testcase> <!-- investmentOrderRetrievalPost -->
  <testcase classname="api.LoanApiTest" name="leonMortageCancellationPost" time="0.751">
    <failure type="java.lang.AssertionError" message="1 expectation failed.
Expected status code &amp;lt;200&amp;gt; but was &amp;lt;404&amp;gt;.
">
      <![CDATA[java.lang.AssertionError: 1 expectation failed.
Expected status code <200> but was <404>.

at org.codehaus.groovy.runtime.callsite.ConstructorSite$ConstructorSiteNoUnwrap.callConstructor(ConstructorSite.java:84)
at org.codehaus.groovy.runtime.callsite.AbstractCallSite.callConstructor(AbstractCallSite.java:250)
at io.restassured.internal.ResponseSpecificationImpl$HamcrestAssertionClosure.validate(ResponseSpecificationImpl.groovy:494)
at io.restassured.internal.ResponseSpecificationImpl$HamcrestAssertionClosure$validate$1.call(Unknown Source)
at io.restassured.internal.ResponseSpecificationImpl.validateResponseIfRequired(ResponseSpecificationImpl.groovy:656)
at org.codehaus.groovy.runtime.callsite.PogoMetaMethodSite$PogoCachedMethodSiteNoUnwrapNoCoerce.invoke(PogoMetaMethodSite.java:210)
at org.codehaus.groovy.runtime.callsite.PogoMetaMethodSite.callCurrent(PogoMetaMethodSite.java:59)
at org.codehaus.groovy.runtime.callsite.AbstractCallSite.callCurrent(AbstractCallSite.java:169)
at io.restassured.internal.ResponseSpecificationImpl.statusCode(ResponseSpecificationImpl.groovy:125)
at io.restassured.specification.ResponseSpecification$statusCode$0.callCurrent(Unknown Source)
at io.restassured.internal.ResponseSpecificationImpl.statusCode(ResponseSpecificationImpl.groovy:133)
at io.restassured.internal.ValidatableResponseOptionsImpl.statusCode(ValidatableResponseOptionsImpl.java:119)
at api.LoanApiTest.leonMortageCancellationPost(LoanApiTest.java:55)
at java.base/java.util.concurrent.FutureTask.run(FutureTask.java:264)
at java.base/java.util.concurrent.ThreadPoolExecutor.runWorker(ThreadPoolExecutor.java:1128)
at java.base/java.util.concurrent.ThreadPoolExecutor$Worker.run(ThreadPoolExecutor.java:628)
at java.base/java.lang.Thread.run(Thread.java:835)
... Removed 26 stack frames]]>
    </failure>
  </testcase> <!-- leonMortageCancellationPost -->
  <testcase classname="api.LoanApiTest" name="leonMortageRepaymentPost" time="0.0">
    <skipped/>
  </testcase> <!-- leonMortageRepaymentPost -->
  <testcase classname="api.InvestmentApiTest" name="investmentOrderInfoUpdatePost" time="0.0">
    <skipped/>
  </testcase> <!-- investmentOrderInfoUpdatePost -->
  <testcase classname="api.InvestmentApiTest" name="investmentCancellationPost" time="0.0">
    <skipped/>
  </testcase> <!-- investmentCancellationPost -->
  <testcase classname="api.SysadminApiTest" name="sysadminLbsSdkControllerDownloadsdkGet" time="0.0">
    <ignored/>
  </testcase> <!-- sysadminLbsSdkControllerDownloadsdkGet -->
  <testcase classname="api.SysadminApiTest" name="sysadminLoginControllerUserCreationPost" time="0.0">
    <ignored/>
  </testcase> <!-- sysadminLoginControllerUserCreationPost -->
  <testcase classname="api.SysadminApiTest" name="sysadminBranchCodeSearchControllerGetBranchCodeTableInfoPost" time="0.0">
    <ignored/>
  </testcase> <!-- sysadminBranchCodeSearchControllerGetBranchCodeTableInfoPost -->
</testsuite> <!-- TestName -->
