<?xml version="1.0" encoding="UTF-8"?>
<!-- Generated by org.testng.reporters.JUnitReportReporter -->
<testsuite hostname="LAPTOP-D2BFLFER" failures="1" tests="19" name="api.CreditCardApiTest" time="38.834" errors="0" timestamp="20 8æœˆ 2019 07:11:01 GMT" skipped="0">
  <testcase classname="api.CreditCardApiTest" name="creditCardAccountOpeningPost" time="5.476"/>
  <testcase classname="api.CreditCardApiTest" name="creditCardLimitIncreasePost" time="2.058"/>
  <testcase classname="api.CreditCardApiTest" name="vpointNumberPost" time="0.958"/>
  <testcase classname="api.CreditCardApiTest" name="creditCardPaymentRedemptionHistoryPost" time="0.840"/>
  <testcase classname="api.CreditCardApiTest" name="creditCardPaymentProductEnquiryPost" time="1.176"/>
  <testcase classname="api.CreditCardApiTest" name="creditCardCanCellationPost" time="5.254"/>
  <testcase classname="api.CreditCardApiTest" name="creditCardLimitDecreasePost" time="0.782"/>
  <testcase classname="api.CreditCardApiTest" name="creditCardCreditLimitDetailsPost" time="3.094"/>
  <testcase classname="api.CreditCardApiTest" name="merchantMerchantEnquiryGet" time="1.032"/>
  <testcase classname="api.CreditCardApiTest" name="creditCardPaymentTotalPointPost" time="0.804"/>
  <testcase classname="api.CreditCardApiTest" name="creditCardPaymentCreditCardRepeymentPost" time="1.151"/>
  <testcase classname="api.CreditCardApiTest" name="creditCardNumberValidationPost" time="0.715"/>
  <testcase classname="api.CreditCardApiTest" name="creditCardPaymentRedemptionPost" time="0.783">
    <failure message="1 expectation failed.
Expected status code &lt;200&gt; but was &lt;500&gt;.
" type="java.lang.AssertionError">
      <![CDATA[java.lang.AssertionError: 1 expectation failed.
Expected status code <200> but was <500>.

at java.base/jdk.internal.reflect.NativeConstructorAccessorImpl.newInstance0(Native Method)
at java.base/jdk.internal.reflect.NativeConstructorAccessorImpl.newInstance(NativeConstructorAccessorImpl.java:62)
at java.base/jdk.internal.reflect.DelegatingConstructorAccessorImpl.newInstance(DelegatingConstructorAccessorImpl.java:45)
at java.base/java.lang.reflect.Constructor.newInstanceWithCaller(Constructor.java:500)
at java.base/java.lang.reflect.Constructor.newInstance(Constructor.java:481)
at org.codehaus.groovy.reflection.CachedConstructor.invoke(CachedConstructor.java:83)
at org.codehaus.groovy.reflection.CachedConstructor.doConstructorInvoke(CachedConstructor.java:77)
at org.codehaus.groovy.runtime.callsite.ConstructorSite$ConstructorSiteNoUnwrap.callConstructor(ConstructorSite.java:84)
at org.codehaus.groovy.runtime.callsite.CallSiteArray.defaultCallConstructor(CallSiteArray.java:59)
at org.codehaus.groovy.runtime.callsite.AbstractCallSite.callConstructor(AbstractCallSite.java:238)
at org.codehaus.groovy.runtime.callsite.AbstractCallSite.callConstructor(AbstractCallSite.java:250)
at io.restassured.internal.ResponseSpecificationImpl$HamcrestAssertionClosure.validate(ResponseSpecificationImpl.groovy:494)
at io.restassured.internal.ResponseSpecificationImpl$HamcrestAssertionClosure$validate$1.call(Unknown Source)
at io.restassured.internal.ResponseSpecificationImpl.validateResponseIfRequired(ResponseSpecificationImpl.groovy:656)
at jdk.internal.reflect.GeneratedMethodAccessor64.invoke(Unknown Source)
at java.base/jdk.internal.reflect.DelegatingMethodAccessorImpl.invoke(DelegatingMethodAccessorImpl.java:43)
at java.base/java.lang.reflect.Method.invoke(Method.java:567)
at org.codehaus.groovy.runtime.callsite.PogoMetaMethodSite$PogoCachedMethodSiteNoUnwrapNoCoerce.invoke(PogoMetaMethodSite.java:210)
at org.codehaus.groovy.runtime.callsite.PogoMetaMethodSite.callCurrent(PogoMetaMethodSite.java:59)
at org.codehaus.groovy.runtime.callsite.AbstractCallSite.callCurrent(AbstractCallSite.java:169)
at io.restassured.internal.ResponseSpecificationImpl.statusCode(ResponseSpecificationImpl.groovy:125)
at io.restassured.specification.ResponseSpecification$statusCode$0.callCurrent(Unknown Source)
at io.restassured.internal.ResponseSpecificationImpl.statusCode(ResponseSpecificationImpl.groovy:133)
at io.restassured.internal.ValidatableResponseOptionsImpl.statusCode(ValidatableResponseOptionsImpl.java:119)
at api.CreditCardApiTest.creditCardPaymentRedemptionPost(CreditCardApiTest.java:194)
at java.base/jdk.internal.reflect.NativeMethodAccessorImpl.invoke0(Native Method)
at java.base/jdk.internal.reflect.NativeMethodAccessorImpl.invoke(NativeMethodAccessorImpl.java:62)
at java.base/jdk.internal.reflect.DelegatingMethodAccessorImpl.invoke(DelegatingMethodAccessorImpl.java:43)
at java.base/java.lang.reflect.Method.invoke(Method.java:567)
at org.testng.internal.MethodInvocationHelper.invokeMethod(MethodInvocationHelper.java:124)
at org.testng.internal.Invoker.invokeMethod(Invoker.java:583)
at org.testng.internal.Invoker.invokeTestMethod(Invoker.java:719)
at org.testng.internal.Invoker.invokeTestMethods(Invoker.java:989)
at org.testng.internal.TestMethodWorker.invokeTestMethods(TestMethodWorker.java:125)
at org.testng.internal.TestMethodWorker.run(TestMethodWorker.java:109)
at org.testng.TestRunner.privateRun(TestRunner.java:648)
at org.testng.TestRunner.run(TestRunner.java:505)
at org.testng.SuiteRunner.runTest(SuiteRunner.java:455)
at org.testng.SuiteRunner.access$000(SuiteRunner.java:40)
at org.testng.SuiteRunner$SuiteWorker.run(SuiteRunner.java:489)
at org.testng.internal.thread.ThreadUtil$1.call(ThreadUtil.java:52)
at java.base/java.util.concurrent.FutureTask.run(FutureTask.java:264)
at java.base/java.util.concurrent.ThreadPoolExecutor.runWorker(ThreadPoolExecutor.java:1128)
at java.base/java.util.concurrent.ThreadPoolExecutor$Worker.run(ThreadPoolExecutor.java:628)
at java.base/java.lang.Thread.run(Thread.java:835)
]]>
    </failure>
  </testcase> <!-- creditCardPaymentRedemptionPost -->
  <testcase classname="api.CreditCardApiTest" name="creditCardPaymentOutstandingPaymentPost" time="2.137"/>
  <testcase classname="api.CreditCardApiTest" name="creditCardTransactiontRansactionDetailsPost" time="1.548"/>
  <testcase classname="api.CreditCardApiTest" name="merchantTransactionsPost" time="0.871"/>
  <testcase classname="api.CreditCardApiTest" name="creditCardLossReportingPost" time="8.302"/>
  <testcase classname="api.CreditCardApiTest" name="creditCardTransactiontTransactionPostingPost" time="1.075"/>
  <testcase classname="api.CreditCardApiTest" name="vpointMerchantCategoryPost" time="0.778"/>
</testsuite> <!-- api.CreditCardApiTest -->
